{"C:\\Users\\donal\\Documents\\Projects\\smart-health-react-native\\app\\_layout.jsx": {"path":"C:\\Users\\donal\\Documents\\Projects\\smart-health-react-native\\app\\_layout.jsx","statementMap":{"0":{"start":{"line":7,"column":18},"end":{"line":26,"column":1}},"1":{"start":{"line":8,"column":24},"end":{"line":8,"column":45}},"2":{"start":{"line":12,"column":2},"end":{"line":25,"column":3}}},"fnMap":{"0":{"name":"(anonymous_0)","decl":{"start":{"line":7,"column":18},"end":{"line":7,"column":19}},"loc":{"start":{"line":7,"column":24},"end":{"line":26,"column":1}},"line":7}},"branchMap":{},"s":{"0":0,"1":0,"2":0},"f":{"0":0},"b":{}}
,"C:\\Users\\donal\\Documents\\Projects\\smart-health-react-native\\app\\index.jsx": {"path":"C:\\Users\\donal\\Documents\\Projects\\smart-health-react-native\\app\\index.jsx","statementMap":{"0":{"start":{"line":11,"column":24},"end":{"line":11,"column":42}},"1":{"start":{"line":13,"column":2},"end":{"line":24,"column":5}},"2":{"start":{"line":14,"column":4},"end":{"line":24,"column":5}},"3":{"start":{"line":26,"column":2},"end":{"line":28,"column":4}}},"fnMap":{"0":{"name":"App","decl":{"start":{"line":10,"column":24},"end":{"line":10,"column":27}},"loc":{"start":{"line":10,"column":31},"end":{"line":30,"column":1}},"line":10}},"branchMap":{"0":{"loc":{"start":{"line":13,"column":2},"end":{"line":24,"column":5}},"type":"if","locations":[{"start":{"line":13,"column":2},"end":{"line":24,"column":5}},{"start":{},"end":{}}],"line":13}},"s":{"0":0,"1":0,"2":0,"3":0},"f":{"0":0},"b":{"0":[0,0]}}
,"C:\\Users\\donal\\Documents\\Projects\\smart-health-react-native\\app\\navigation.jsx": {"path":"C:\\Users\\donal\\Documents\\Projects\\smart-health-react-native\\app\\navigation.jsx","statementMap":{"0":{"start":{"line":6,"column":22},"end":{"line":6,"column":43}},"1":{"start":{"line":8,"column":29},"end":{"line":16,"column":1}},"2":{"start":{"line":9,"column":2},"end":{"line":15,"column":3}},"3":{"start":{"line":18,"column":30},"end":{"line":25,"column":1}},"4":{"start":{"line":19,"column":2},"end":{"line":24,"column":3}}},"fnMap":{"0":{"name":"(anonymous_0)","decl":{"start":{"line":8,"column":29},"end":{"line":8,"column":30}},"loc":{"start":{"line":8,"column":35},"end":{"line":16,"column":1}},"line":8},"1":{"name":"(anonymous_1)","decl":{"start":{"line":18,"column":30},"end":{"line":18,"column":31}},"loc":{"start":{"line":18,"column":36},"end":{"line":25,"column":1}},"line":18}},"branchMap":{},"s":{"0":0,"1":0,"2":0,"3":0,"4":0},"f":{"0":0,"1":0},"b":{}}
,"C:\\Users\\donal\\Documents\\Projects\\smart-health-react-native\\app\\data\\remote\\firebase\\firebase-config.jsx": {"path":"C:\\Users\\donal\\Documents\\Projects\\smart-health-react-native\\app\\data\\remote\\firebase\\firebase-config.jsx","statementMap":{"0":{"start":{"line":4,"column":23},"end":{"line":12,"column":3}},"1":{"start":{"line":14,"column":27},"end":{"line":14,"column":56}}},"fnMap":{},"branchMap":{},"s":{"0":0,"1":0},"f":{},"b":{}}
,"C:\\Users\\donal\\Documents\\Projects\\smart-health-react-native\\app\\data\\remote\\firebase\\firebase-querries.jsx": {"path":"C:\\Users\\donal\\Documents\\Projects\\smart-health-react-native\\app\\data\\remote\\firebase\\firebase-querries.jsx","statementMap":{"0":{"start":{"line":9,"column":33},"end":{"line":29,"column":1}},"1":{"start":{"line":10,"column":4},"end":{"line":27,"column":5}},"2":{"start":{"line":13,"column":18},"end":{"line":13,"column":102}},"3":{"start":{"line":14,"column":30},"end":{"line":14,"column":46}},"4":{"start":{"line":16,"column":27},"end":{"line":20,"column":11}},"5":{"start":{"line":16,"column":65},"end":{"line":20,"column":9}},"6":{"start":{"line":22,"column":8},"end":{"line":22,"column":24}},"7":{"start":{"line":25,"column":8},"end":{"line":25,"column":76}},"8":{"start":{"line":26,"column":8},"end":{"line":26,"column":30}},"9":{"start":{"line":33,"column":35},"end":{"line":68,"column":1}},"10":{"start":{"line":34,"column":4},"end":{"line":67,"column":5}},"11":{"start":{"line":35,"column":8},"end":{"line":62,"column":12}},"12":{"start":{"line":41,"column":25},"end":{"line":41,"column":44}},"13":{"start":{"line":42,"column":12},"end":{"line":42,"column":42}},"14":{"start":{"line":45,"column":12},"end":{"line":54,"column":14}},"15":{"start":{"line":47,"column":14},"end":{"line":47,"column":41}},"16":{"start":{"line":51,"column":16},"end":{"line":51,"column":114}},"17":{"start":{"line":52,"column":16},"end":{"line":52,"column":39}},"18":{"start":{"line":59,"column":12},"end":{"line":59,"column":119}},"19":{"start":{"line":60,"column":12},"end":{"line":60,"column":35}},"20":{"start":{"line":65,"column":8},"end":{"line":65,"column":87}},"21":{"start":{"line":66,"column":8},"end":{"line":66,"column":31}},"22":{"start":{"line":72,"column":35},"end":{"line":81,"column":1}},"23":{"start":{"line":73,"column":4},"end":{"line":80,"column":5}},"24":{"start":{"line":74,"column":8},"end":{"line":74,"column":99}},"25":{"start":{"line":78,"column":8},"end":{"line":78,"column":83}},"26":{"start":{"line":79,"column":8},"end":{"line":79,"column":31}},"27":{"start":{"line":84,"column":37},"end":{"line":93,"column":1}},"28":{"start":{"line":85,"column":4},"end":{"line":92,"column":5}},"29":{"start":{"line":86,"column":8},"end":{"line":86,"column":82}},"30":{"start":{"line":90,"column":8},"end":{"line":90,"column":89}},"31":{"start":{"line":91,"column":8},"end":{"line":91,"column":31}},"32":{"start":{"line":96,"column":25},"end":{"line":108,"column":1}},"33":{"start":{"line":97,"column":4},"end":{"line":107,"column":5}},"34":{"start":{"line":98,"column":8},"end":{"line":102,"column":11}},"35":{"start":{"line":105,"column":8},"end":{"line":105,"column":76}},"36":{"start":{"line":106,"column":8},"end":{"line":106,"column":31}},"37":{"start":{"line":111,"column":32},"end":{"line":119,"column":1}},"38":{"start":{"line":112,"column":4},"end":{"line":118,"column":5}},"39":{"start":{"line":113,"column":8},"end":{"line":113,"column":65}},"40":{"start":{"line":116,"column":8},"end":{"line":116,"column":78}},"41":{"start":{"line":117,"column":8},"end":{"line":117,"column":31}},"42":{"start":{"line":122,"column":26},"end":{"line":139,"column":1}},"43":{"start":{"line":123,"column":4},"end":{"line":138,"column":5}},"44":{"start":{"line":124,"column":18},"end":{"line":124,"column":71}},"45":{"start":{"line":125,"column":30},"end":{"line":125,"column":46}},"46":{"start":{"line":127,"column":26},"end":{"line":131,"column":11}},"47":{"start":{"line":127,"column":61},"end":{"line":131,"column":9}},"48":{"start":{"line":133,"column":8},"end":{"line":133,"column":55}},"49":{"start":{"line":136,"column":8},"end":{"line":136,"column":71}},"50":{"start":{"line":137,"column":8},"end":{"line":137,"column":31}},"51":{"start":{"line":143,"column":34},"end":{"line":160,"column":1}},"52":{"start":{"line":144,"column":4},"end":{"line":159,"column":5}},"53":{"start":{"line":145,"column":18},"end":{"line":145,"column":74}},"54":{"start":{"line":146,"column":30},"end":{"line":146,"column":46}},"55":{"start":{"line":148,"column":29},"end":{"line":152,"column":11}},"56":{"start":{"line":148,"column":64},"end":{"line":152,"column":9}},"57":{"start":{"line":154,"column":8},"end":{"line":154,"column":28}},"58":{"start":{"line":157,"column":8},"end":{"line":157,"column":74}},"59":{"start":{"line":158,"column":8},"end":{"line":158,"column":31}},"60":{"start":{"line":163,"column":33},"end":{"line":180,"column":1}},"61":{"start":{"line":164,"column":4},"end":{"line":179,"column":5}},"62":{"start":{"line":165,"column":18},"end":{"line":165,"column":74}},"63":{"start":{"line":166,"column":30},"end":{"line":166,"column":46}},"64":{"start":{"line":168,"column":29},"end":{"line":172,"column":11}},"65":{"start":{"line":168,"column":64},"end":{"line":172,"column":9}},"66":{"start":{"line":174,"column":8},"end":{"line":174,"column":28}},"67":{"start":{"line":177,"column":8},"end":{"line":177,"column":74}},"68":{"start":{"line":178,"column":8},"end":{"line":178,"column":31}},"69":{"start":{"line":183,"column":42},"end":{"line":203,"column":1}},"70":{"start":{"line":184,"column":4},"end":{"line":201,"column":5}},"71":{"start":{"line":187,"column":18},"end":{"line":187,"column":110}},"72":{"start":{"line":188,"column":30},"end":{"line":188,"column":46}},"73":{"start":{"line":190,"column":28},"end":{"line":194,"column":11}},"74":{"start":{"line":190,"column":66},"end":{"line":194,"column":9}},"75":{"start":{"line":196,"column":8},"end":{"line":196,"column":27}},"76":{"start":{"line":199,"column":8},"end":{"line":199,"column":92}},"77":{"start":{"line":200,"column":8},"end":{"line":200,"column":30}},"78":{"start":{"line":206,"column":38},"end":{"line":220,"column":1}},"79":{"start":{"line":207,"column":4},"end":{"line":219,"column":5}},"80":{"start":{"line":209,"column":24},"end":{"line":209,"column":71}},"81":{"start":{"line":212,"column":8},"end":{"line":214,"column":11}},"82":{"start":{"line":217,"column":8},"end":{"line":217,"column":81}},"83":{"start":{"line":218,"column":8},"end":{"line":218,"column":31}},"84":{"start":{"line":223,"column":37},"end":{"line":237,"column":1}},"85":{"start":{"line":224,"column":4},"end":{"line":236,"column":5}},"86":{"start":{"line":226,"column":24},"end":{"line":226,"column":71}},"87":{"start":{"line":229,"column":8},"end":{"line":231,"column":11}},"88":{"start":{"line":234,"column":8},"end":{"line":234,"column":82}},"89":{"start":{"line":235,"column":8},"end":{"line":235,"column":31}}},"fnMap":{"0":{"name":"(anonymous_0)","decl":{"start":{"line":9,"column":33},"end":{"line":9,"column":34}},"loc":{"start":{"line":9,"column":48},"end":{"line":29,"column":1}},"line":9},"1":{"name":"(anonymous_1)","decl":{"start":{"line":16,"column":56},"end":{"line":16,"column":57}},"loc":{"start":{"line":16,"column":65},"end":{"line":20,"column":9}},"line":16},"2":{"name":"(anonymous_2)","decl":{"start":{"line":33,"column":35},"end":{"line":33,"column":36}},"loc":{"start":{"line":33,"column":64},"end":{"line":68,"column":1}},"line":33},"3":{"name":"(anonymous_3)","decl":{"start":{"line":39,"column":17},"end":{"line":39,"column":18}},"loc":{"start":{"line":39,"column":35},"end":{"line":57,"column":11}},"line":39},"4":{"name":"(anonymous_4)","decl":{"start":{"line":46,"column":18},"end":{"line":46,"column":19}},"loc":{"start":{"line":46,"column":22},"end":{"line":49,"column":13}},"line":46},"5":{"name":"(anonymous_5)","decl":{"start":{"line":50,"column":19},"end":{"line":50,"column":20}},"loc":{"start":{"line":50,"column":28},"end":{"line":54,"column":13}},"line":50},"6":{"name":"(anonymous_6)","decl":{"start":{"line":58,"column":17},"end":{"line":58,"column":18}},"loc":{"start":{"line":58,"column":26},"end":{"line":62,"column":11}},"line":58},"7":{"name":"(anonymous_7)","decl":{"start":{"line":72,"column":35},"end":{"line":72,"column":36}},"loc":{"start":{"line":72,"column":57},"end":{"line":81,"column":1}},"line":72},"8":{"name":"(anonymous_8)","decl":{"start":{"line":84,"column":37},"end":{"line":84,"column":38}},"loc":{"start":{"line":84,"column":58},"end":{"line":93,"column":1}},"line":84},"9":{"name":"(anonymous_9)","decl":{"start":{"line":96,"column":25},"end":{"line":96,"column":26}},"loc":{"start":{"line":96,"column":48},"end":{"line":108,"column":1}},"line":96},"10":{"name":"(anonymous_10)","decl":{"start":{"line":111,"column":32},"end":{"line":111,"column":33}},"loc":{"start":{"line":111,"column":46},"end":{"line":119,"column":1}},"line":111},"11":{"name":"(anonymous_11)","decl":{"start":{"line":122,"column":26},"end":{"line":122,"column":27}},"loc":{"start":{"line":122,"column":35},"end":{"line":139,"column":1}},"line":122},"12":{"name":"(anonymous_12)","decl":{"start":{"line":127,"column":55},"end":{"line":127,"column":56}},"loc":{"start":{"line":127,"column":61},"end":{"line":131,"column":9}},"line":127},"13":{"name":"(anonymous_13)","decl":{"start":{"line":143,"column":34},"end":{"line":143,"column":35}},"loc":{"start":{"line":143,"column":43},"end":{"line":160,"column":1}},"line":143},"14":{"name":"(anonymous_14)","decl":{"start":{"line":148,"column":58},"end":{"line":148,"column":59}},"loc":{"start":{"line":148,"column":64},"end":{"line":152,"column":9}},"line":148},"15":{"name":"(anonymous_15)","decl":{"start":{"line":163,"column":33},"end":{"line":163,"column":34}},"loc":{"start":{"line":163,"column":42},"end":{"line":180,"column":1}},"line":163},"16":{"name":"(anonymous_16)","decl":{"start":{"line":168,"column":58},"end":{"line":168,"column":59}},"loc":{"start":{"line":168,"column":64},"end":{"line":172,"column":9}},"line":168},"17":{"name":"(anonymous_17)","decl":{"start":{"line":183,"column":42},"end":{"line":183,"column":43}},"loc":{"start":{"line":183,"column":60},"end":{"line":203,"column":1}},"line":183},"18":{"name":"(anonymous_18)","decl":{"start":{"line":190,"column":57},"end":{"line":190,"column":58}},"loc":{"start":{"line":190,"column":66},"end":{"line":194,"column":9}},"line":190},"19":{"name":"(anonymous_19)","decl":{"start":{"line":206,"column":38},"end":{"line":206,"column":39}},"loc":{"start":{"line":206,"column":61},"end":{"line":220,"column":1}},"line":206},"20":{"name":"(anonymous_20)","decl":{"start":{"line":223,"column":37},"end":{"line":223,"column":38}},"loc":{"start":{"line":223,"column":59},"end":{"line":237,"column":1}},"line":223}},"branchMap":{},"s":{"0":0,"1":0,"2":0,"3":0,"4":0,"5":0,"6":0,"7":0,"8":0,"9":0,"10":0,"11":0,"12":0,"13":0,"14":0,"15":0,"16":0,"17":0,"18":0,"19":0,"20":0,"21":0,"22":0,"23":0,"24":0,"25":0,"26":0,"27":0,"28":0,"29":0,"30":0,"31":0,"32":0,"33":0,"34":0,"35":0,"36":0,"37":0,"38":0,"39":0,"40":0,"41":0,"42":0,"43":0,"44":0,"45":0,"46":0,"47":0,"48":0,"49":0,"50":0,"51":0,"52":0,"53":0,"54":0,"55":0,"56":0,"57":0,"58":0,"59":0,"60":0,"61":0,"62":0,"63":0,"64":0,"65":0,"66":0,"67":0,"68":0,"69":0,"70":0,"71":0,"72":0,"73":0,"74":0,"75":0,"76":0,"77":0,"78":0,"79":0,"80":0,"81":0,"82":0,"83":0,"84":0,"85":0,"86":0,"87":0,"88":0,"89":0},"f":{"0":0,"1":0,"2":0,"3":0,"4":0,"5":0,"6":0,"7":0,"8":0,"9":0,"10":0,"11":0,"12":0,"13":0,"14":0,"15":0,"16":0,"17":0,"18":0,"19":0,"20":0},"b":{}}
,"C:\\Users\\donal\\Documents\\Projects\\smart-health-react-native\\app\\data\\utils\\utils.jsx": {"path":"C:\\Users\\donal\\Documents\\Projects\\smart-health-react-native\\app\\data\\utils\\utils.jsx","statementMap":{"0":{"start":{"line":1,"column":43},"end":{"line":7,"column":3}},"1":{"start":{"line":3,"column":26},"end":{"line":3,"column":68}},"2":{"start":{"line":3,"column":46},"end":{"line":3,"column":67}},"3":{"start":{"line":6,"column":4},"end":{"line":6,"column":25}}},"fnMap":{"0":{"name":"(anonymous_0)","decl":{"start":{"line":1,"column":43},"end":{"line":1,"column":44}},"loc":{"start":{"line":1,"column":53},"end":{"line":7,"column":3}},"line":1},"1":{"name":"(anonymous_1)","decl":{"start":{"line":3,"column":39},"end":{"line":3,"column":40}},"loc":{"start":{"line":3,"column":46},"end":{"line":3,"column":67}},"line":3}},"branchMap":{},"s":{"0":0,"1":0,"2":0,"3":0},"f":{"0":0,"1":0},"b":{}}
,"C:\\Users\\donal\\Documents\\Projects\\smart-health-react-native\\app\\domain\\domain.jsx": {"path":"C:\\Users\\donal\\Documents\\Projects\\smart-health-react-native\\app\\domain\\domain.jsx","statementMap":{},"fnMap":{},"branchMap":{},"s":{},"f":{},"b":{}}
,"C:\\Users\\donal\\Documents\\Projects\\smart-health-react-native\\app\\domain\\libs\\fetchDataHook\\useFirebase.jsx": {"path":"C:\\Users\\donal\\Documents\\Projects\\smart-health-react-native\\app\\domain\\libs\\fetchDataHook\\useFirebase.jsx","statementMap":{"0":{"start":{"line":4,"column":19},"end":{"line":35,"column":1}},"1":{"start":{"line":6,"column":28},"end":{"line":6,"column":40}},"2":{"start":{"line":7,"column":38},"end":{"line":7,"column":53}},"3":{"start":{"line":9,"column":4},"end":{"line":31,"column":10}},"4":{"start":{"line":10,"column":25},"end":{"line":26,"column":7}},"5":{"start":{"line":11,"column":8},"end":{"line":11,"column":27}},"6":{"start":{"line":13,"column":8},"end":{"line":24,"column":9}},"7":{"start":{"line":14,"column":27},"end":{"line":14,"column":47}},"8":{"start":{"line":15,"column":10},"end":{"line":15,"column":28}},"9":{"start":{"line":18,"column":10},"end":{"line":18,"column":73}},"10":{"start":{"line":19,"column":10},"end":{"line":19,"column":44}},"11":{"start":{"line":23,"column":10},"end":{"line":23,"column":30}},"12":{"start":{"line":29,"column":6},"end":{"line":29,"column":18}},"13":{"start":{"line":33,"column":4},"end":{"line":33,"column":37}}},"fnMap":{"0":{"name":"(anonymous_0)","decl":{"start":{"line":4,"column":19},"end":{"line":4,"column":20}},"loc":{"start":{"line":4,"column":36},"end":{"line":35,"column":1}},"line":4},"1":{"name":"(anonymous_1)","decl":{"start":{"line":9,"column":14},"end":{"line":9,"column":15}},"loc":{"start":{"line":9,"column":20},"end":{"line":31,"column":5}},"line":9},"2":{"name":"(anonymous_2)","decl":{"start":{"line":10,"column":25},"end":{"line":10,"column":26}},"loc":{"start":{"line":10,"column":35},"end":{"line":26,"column":7}},"line":10}},"branchMap":{},"s":{"0":0,"1":0,"2":0,"3":0,"4":0,"5":0,"6":0,"7":0,"8":0,"9":0,"10":0,"11":0,"12":0,"13":0},"f":{"0":0,"1":0,"2":0},"b":{}}
,"C:\\Users\\donal\\Documents\\Projects\\smart-health-react-native\\app\\presentation\\constants\\constant.jsx": {"path":"C:\\Users\\donal\\Documents\\Projects\\smart-health-react-native\\app\\presentation\\constants\\constant.jsx","statementMap":{},"fnMap":{},"branchMap":{},"s":{},"f":{},"b":{}}
,"C:\\Users\\donal\\Documents\\Projects\\smart-health-react-native\\app\\presentation\\ui\\components\\HomeCreate.jsx": {"path":"C:\\Users\\donal\\Documents\\Projects\\smart-health-react-native\\app\\presentation\\ui\\components\\HomeCreate.jsx","statementMap":{"0":{"start":{"line":9,"column":19},"end":{"line":86,"column":1}},"1":{"start":{"line":10,"column":40},"end":{"line":10,"column":52}},"2":{"start":{"line":11,"column":40},"end":{"line":11,"column":54}},"3":{"start":{"line":12,"column":30},"end":{"line":12,"column":48}},"4":{"start":{"line":13,"column":48},"end":{"line":13,"column":63}},"5":{"start":{"line":16,"column":23},"end":{"line":20,"column":3}},"6":{"start":{"line":17,"column":25},"end":{"line":17,"column":66}},"7":{"start":{"line":18,"column":4},"end":{"line":18,"column":33}},"8":{"start":{"line":19,"column":4},"end":{"line":19,"column":29}},"9":{"start":{"line":22,"column":27},"end":{"line":29,"column":3}},"10":{"start":{"line":23,"column":4},"end":{"line":23,"column":33}},"11":{"start":{"line":24,"column":4},"end":{"line":28,"column":5}},"12":{"start":{"line":25,"column":6},"end":{"line":25,"column":39}},"13":{"start":{"line":27,"column":6},"end":{"line":27,"column":42}},"14":{"start":{"line":31,"column":2},"end":{"line":85,"column":4}},"15":{"start":{"line":77,"column":77},"end":{"line":77,"column":112}},"16":{"start":{"line":88,"column":15},"end":{"line":179,"column":2}}},"fnMap":{"0":{"name":"(anonymous_0)","decl":{"start":{"line":9,"column":19},"end":{"line":9,"column":20}},"loc":{"start":{"line":9,"column":47},"end":{"line":86,"column":1}},"line":9},"1":{"name":"(anonymous_1)","decl":{"start":{"line":16,"column":23},"end":{"line":16,"column":24}},"loc":{"start":{"line":16,"column":29},"end":{"line":20,"column":3}},"line":16},"2":{"name":"(anonymous_2)","decl":{"start":{"line":22,"column":27},"end":{"line":22,"column":28}},"loc":{"start":{"line":22,"column":33},"end":{"line":29,"column":3}},"line":22},"3":{"name":"(anonymous_3)","decl":{"start":{"line":77,"column":69},"end":{"line":77,"column":70}},"loc":{"start":{"line":77,"column":75},"end":{"line":77,"column":114}},"line":77}},"branchMap":{"0":{"loc":{"start":{"line":24,"column":4},"end":{"line":28,"column":5}},"type":"if","locations":[{"start":{"line":24,"column":4},"end":{"line":28,"column":5}},{"start":{"line":26,"column":11},"end":{"line":28,"column":5}}],"line":24},"1":{"loc":{"start":{"line":50,"column":7},"end":{"line":54,"column":7}},"type":"cond-expr","locations":[{"start":{"line":51,"column":8},"end":{"line":51,"column":63}},{"start":{"line":53,"column":8},"end":{"line":53,"column":16}}],"line":50},"2":{"loc":{"start":{"line":57,"column":7},"end":{"line":61,"column":14}},"type":"cond-expr","locations":[{"start":{"line":58,"column":8},"end":{"line":60,"column":15}},{"start":{"line":61,"column":10},"end":{"line":61,"column":14}}],"line":57},"3":{"loc":{"start":{"line":57,"column":7},"end":{"line":57,"column":38}},"type":"binary-expr","locations":[{"start":{"line":57,"column":7},"end":{"line":57,"column":22}},{"start":{"line":57,"column":26},"end":{"line":57,"column":38}}],"line":57},"4":{"loc":{"start":{"line":63,"column":7},"end":{"line":83,"column":7}},"type":"cond-expr","locations":[{"start":{"line":64,"column":8},"end":{"line":73,"column":15}},{"start":{"line":75,"column":8},"end":{"line":82,"column":9}}],"line":63},"5":{"loc":{"start":{"line":75,"column":8},"end":{"line":82,"column":9}},"type":"binary-expr","locations":[{"start":{"line":75,"column":8},"end":{"line":75,"column":23}},{"start":{"line":75,"column":27},"end":{"line":75,"column":50}},{"start":{"line":76,"column":10},"end":{"line":81,"column":17}}],"line":75}},"s":{"0":0,"1":0,"2":0,"3":0,"4":0,"5":0,"6":0,"7":0,"8":0,"9":0,"10":0,"11":0,"12":0,"13":0,"14":0,"15":0,"16":0},"f":{"0":0,"1":0,"2":0,"3":0},"b":{"0":[0,0],"1":[0,0],"2":[0,0],"3":[0,0],"4":[0,0],"5":[0,0,0]}}
,"C:\\Users\\donal\\Documents\\Projects\\smart-health-react-native\\app\\presentation\\ui\\components\\ProfileDetails.jsx": {"path":"C:\\Users\\donal\\Documents\\Projects\\smart-health-react-native\\app\\presentation\\ui\\components\\ProfileDetails.jsx","statementMap":{"0":{"start":{"line":11,"column":23},"end":{"line":58,"column":1}},"1":{"start":{"line":12,"column":2},"end":{"line":57,"column":4}},"2":{"start":{"line":32,"column":10},"end":{"line":32,"column":59}},"3":{"start":{"line":47,"column":10},"end":{"line":47,"column":75}},"4":{"start":{"line":60,"column":15},"end":{"line":119,"column":2}}},"fnMap":{"0":{"name":"(anonymous_0)","decl":{"start":{"line":11,"column":23},"end":{"line":11,"column":24}},"loc":{"start":{"line":11,"column":40},"end":{"line":58,"column":1}},"line":11},"1":{"name":"(anonymous_1)","decl":{"start":{"line":30,"column":17},"end":{"line":30,"column":18}},"loc":{"start":{"line":30,"column":23},"end":{"line":33,"column":9}},"line":30},"2":{"name":"(anonymous_2)","decl":{"start":{"line":45,"column":17},"end":{"line":45,"column":18}},"loc":{"start":{"line":45,"column":23},"end":{"line":48,"column":9}},"line":45}},"branchMap":{},"s":{"0":0,"1":0,"2":0,"3":0,"4":0},"f":{"0":0,"1":0,"2":0},"b":{}}
,"C:\\Users\\donal\\Documents\\Projects\\smart-health-react-native\\app\\presentation\\ui\\components\\UserManage.jsx": {"path":"C:\\Users\\donal\\Documents\\Projects\\smart-health-react-native\\app\\presentation\\ui\\components\\UserManage.jsx","statementMap":{"0":{"start":{"line":9,"column":18},"end":{"line":13,"column":1}},"1":{"start":{"line":15,"column":14},"end":{"line":57,"column":1}},"2":{"start":{"line":16,"column":40},"end":{"line":16,"column":52}},"3":{"start":{"line":17,"column":44},"end":{"line":17,"column":63}},"4":{"start":{"line":19,"column":23},"end":{"line":26,"column":3}},"5":{"start":{"line":20,"column":4},"end":{"line":20,"column":25}},"6":{"start":{"line":21,"column":21},"end":{"line":24,"column":5}},"7":{"start":{"line":22,"column":6},"end":{"line":23,"column":58}},"8":{"start":{"line":25,"column":4},"end":{"line":25,"column":31}},"9":{"start":{"line":28,"column":25},"end":{"line":37,"column":3}},"10":{"start":{"line":29,"column":4},"end":{"line":36,"column":11}},"11":{"start":{"line":39,"column":2},"end":{"line":56,"column":4}},"12":{"start":{"line":51,"column":30},"end":{"line":51,"column":37}},"13":{"start":{"line":59,"column":15},"end":{"line":107,"column":2}}},"fnMap":{"0":{"name":"(anonymous_0)","decl":{"start":{"line":15,"column":14},"end":{"line":15,"column":15}},"loc":{"start":{"line":15,"column":20},"end":{"line":57,"column":1}},"line":15},"1":{"name":"(anonymous_1)","decl":{"start":{"line":19,"column":23},"end":{"line":19,"column":24}},"loc":{"start":{"line":19,"column":33},"end":{"line":26,"column":3}},"line":19},"2":{"name":"(anonymous_2)","decl":{"start":{"line":21,"column":38},"end":{"line":21,"column":39}},"loc":{"start":{"line":22,"column":6},"end":{"line":23,"column":58}},"line":22},"3":{"name":"(anonymous_3)","decl":{"start":{"line":28,"column":25},"end":{"line":28,"column":26}},"loc":{"start":{"line":29,"column":4},"end":{"line":36,"column":11}},"line":29},"4":{"name":"(anonymous_4)","decl":{"start":{"line":51,"column":22},"end":{"line":51,"column":23}},"loc":{"start":{"line":51,"column":30},"end":{"line":51,"column":37}},"line":51}},"branchMap":{"0":{"loc":{"start":{"line":22,"column":6},"end":{"line":23,"column":58}},"type":"binary-expr","locations":[{"start":{"line":22,"column":6},"end":{"line":22,"column":58}},{"start":{"line":23,"column":6},"end":{"line":23,"column":58}}],"line":22}},"s":{"0":0,"1":0,"2":0,"3":0,"4":0,"5":0,"6":0,"7":0,"8":0,"9":0,"10":0,"11":0,"12":0,"13":0},"f":{"0":0,"1":0,"2":0,"3":0,"4":0},"b":{"0":[0,0]}}
,"C:\\Users\\donal\\Documents\\Projects\\smart-health-react-native\\app\\presentation\\ui\\components\\component.jsx": {"path":"C:\\Users\\donal\\Documents\\Projects\\smart-health-react-native\\app\\presentation\\ui\\components\\component.jsx","statementMap":{},"fnMap":{},"branchMap":{},"s":{},"f":{},"b":{}}
,"C:\\Users\\donal\\Documents\\Projects\\smart-health-react-native\\app\\presentation\\ui\\pages\\(auth)\\EmailVerification.jsx": {"path":"C:\\Users\\donal\\Documents\\Projects\\smart-health-react-native\\app\\presentation\\ui\\pages\\(auth)\\EmailVerification.jsx","statementMap":{"0":{"start":{"line":12,"column":26},"end":{"line":54,"column":1}},"1":{"start":{"line":13,"column":28},"end":{"line":13,"column":40}},"2":{"start":{"line":15,"column":30},"end":{"line":28,"column":3}},"3":{"start":{"line":16,"column":4},"end":{"line":27,"column":5}},"4":{"start":{"line":17,"column":19},"end":{"line":17,"column":51}},"5":{"start":{"line":18,"column":6},"end":{"line":24,"column":11}},"6":{"start":{"line":20,"column":10},"end":{"line":20,"column":84}},"7":{"start":{"line":23,"column":10},"end":{"line":23,"column":41}},"8":{"start":{"line":26,"column":6},"end":{"line":26,"column":28}},"9":{"start":{"line":30,"column":29},"end":{"line":32,"column":3}},"10":{"start":{"line":31,"column":4},"end":{"line":31,"column":35}},"11":{"start":{"line":34,"column":2},"end":{"line":53,"column":4}},"12":{"start":{"line":56,"column":15},"end":{"line":118,"column":2}}},"fnMap":{"0":{"name":"(anonymous_0)","decl":{"start":{"line":12,"column":26},"end":{"line":12,"column":27}},"loc":{"start":{"line":12,"column":32},"end":{"line":54,"column":1}},"line":12},"1":{"name":"(anonymous_1)","decl":{"start":{"line":15,"column":30},"end":{"line":15,"column":31}},"loc":{"start":{"line":15,"column":42},"end":{"line":28,"column":3}},"line":15},"2":{"name":"(anonymous_2)","decl":{"start":{"line":19,"column":14},"end":{"line":19,"column":15}},"loc":{"start":{"line":19,"column":20},"end":{"line":21,"column":9}},"line":19},"3":{"name":"(anonymous_3)","decl":{"start":{"line":22,"column":17},"end":{"line":22,"column":18}},"loc":{"start":{"line":22,"column":23},"end":{"line":24,"column":9}},"line":22},"4":{"name":"(anonymous_4)","decl":{"start":{"line":30,"column":29},"end":{"line":30,"column":30}},"loc":{"start":{"line":30,"column":41},"end":{"line":32,"column":3}},"line":30}},"branchMap":{"0":{"loc":{"start":{"line":41,"column":11},"end":{"line":41,"column":71}},"type":"cond-expr","locations":[{"start":{"line":41,"column":19},"end":{"line":41,"column":64}},{"start":{"line":41,"column":67},"end":{"line":41,"column":71}}],"line":41}},"s":{"0":0,"1":0,"2":0,"3":0,"4":0,"5":0,"6":0,"7":0,"8":0,"9":0,"10":0,"11":0,"12":0},"f":{"0":0,"1":0,"2":0,"3":0,"4":0},"b":{"0":[0,0]}}
,"C:\\Users\\donal\\Documents\\Projects\\smart-health-react-native\\app\\presentation\\ui\\pages\\(auth)\\ResetPassword.jsx": {"path":"C:\\Users\\donal\\Documents\\Projects\\smart-health-react-native\\app\\presentation\\ui\\pages\\(auth)\\ResetPassword.jsx","statementMap":{"0":{"start":{"line":11,"column":22},"end":{"line":108,"column":1}},"1":{"start":{"line":12,"column":28},"end":{"line":12,"column":40}},"2":{"start":{"line":13,"column":28},"end":{"line":13,"column":40}},"3":{"start":{"line":14,"column":32},"end":{"line":14,"column":44}},"4":{"start":{"line":15,"column":36},"end":{"line":15,"column":51}},"5":{"start":{"line":19,"column":24},"end":{"line":23,"column":3}},"6":{"start":{"line":21,"column":23},"end":{"line":21,"column":37}},"7":{"start":{"line":22,"column":4},"end":{"line":22,"column":34}},"8":{"start":{"line":25,"column":30},"end":{"line":60,"column":3}},"9":{"start":{"line":27,"column":16},"end":{"line":27,"column":20}},"10":{"start":{"line":29,"column":4},"end":{"line":33,"column":5}},"11":{"start":{"line":30,"column":6},"end":{"line":30,"column":36}},"12":{"start":{"line":31,"column":6},"end":{"line":31,"column":20}},"13":{"start":{"line":32,"column":6},"end":{"line":32,"column":13}},"14":{"start":{"line":34,"column":4},"end":{"line":38,"column":5}},"15":{"start":{"line":35,"column":6},"end":{"line":35,"column":40}},"16":{"start":{"line":36,"column":6},"end":{"line":36,"column":19}},"17":{"start":{"line":37,"column":6},"end":{"line":37,"column":13}},"18":{"start":{"line":40,"column":4},"end":{"line":59,"column":5}},"19":{"start":{"line":41,"column":6},"end":{"line":41,"column":24}},"20":{"start":{"line":42,"column":6},"end":{"line":56,"column":7}},"21":{"start":{"line":43,"column":8},"end":{"line":47,"column":10}},"22":{"start":{"line":45,"column":10},"end":{"line":45,"column":86}},"23":{"start":{"line":46,"column":10},"end":{"line":46,"column":24}},"24":{"start":{"line":50,"column":8},"end":{"line":50,"column":32}},"25":{"start":{"line":51,"column":8},"end":{"line":51,"column":80}},"26":{"start":{"line":55,"column":8},"end":{"line":55,"column":27}},"27":{"start":{"line":62,"column":2},"end":{"line":73,"column":5}},"28":{"start":{"line":63,"column":4},"end":{"line":73,"column":5}},"29":{"start":{"line":75,"column":2},"end":{"line":107,"column":4}},"30":{"start":{"line":91,"column":10},"end":{"line":91,"column":25}},"31":{"start":{"line":92,"column":10},"end":{"line":92,"column":23}},"32":{"start":{"line":110,"column":15},"end":{"line":159,"column":2}}},"fnMap":{"0":{"name":"(anonymous_0)","decl":{"start":{"line":11,"column":22},"end":{"line":11,"column":23}},"loc":{"start":{"line":11,"column":28},"end":{"line":108,"column":1}},"line":11},"1":{"name":"(anonymous_1)","decl":{"start":{"line":19,"column":24},"end":{"line":19,"column":25}},"loc":{"start":{"line":19,"column":35},"end":{"line":23,"column":3}},"line":19},"2":{"name":"(anonymous_2)","decl":{"start":{"line":25,"column":30},"end":{"line":25,"column":31}},"loc":{"start":{"line":25,"column":42},"end":{"line":60,"column":3}},"line":25},"3":{"name":"(anonymous_3)","decl":{"start":{"line":44,"column":14},"end":{"line":44,"column":15}},"loc":{"start":{"line":44,"column":20},"end":{"line":47,"column":9}},"line":44},"4":{"name":"(anonymous_4)","decl":{"start":{"line":90,"column":22},"end":{"line":90,"column":23}},"loc":{"start":{"line":90,"column":32},"end":{"line":94,"column":9}},"line":90}},"branchMap":{"0":{"loc":{"start":{"line":29,"column":4},"end":{"line":33,"column":5}},"type":"if","locations":[{"start":{"line":29,"column":4},"end":{"line":33,"column":5}},{"start":{},"end":{}}],"line":29},"1":{"loc":{"start":{"line":34,"column":4},"end":{"line":38,"column":5}},"type":"if","locations":[{"start":{"line":34,"column":4},"end":{"line":38,"column":5}},{"start":{},"end":{}}],"line":34},"2":{"loc":{"start":{"line":40,"column":4},"end":{"line":59,"column":5}},"type":"if","locations":[{"start":{"line":40,"column":4},"end":{"line":59,"column":5}},{"start":{},"end":{}}],"line":40},"3":{"loc":{"start":{"line":62,"column":2},"end":{"line":73,"column":5}},"type":"if","locations":[{"start":{"line":62,"column":2},"end":{"line":73,"column":5}},{"start":{},"end":{}}],"line":62},"4":{"loc":{"start":{"line":84,"column":7},"end":{"line":84,"column":71}},"type":"cond-expr","locations":[{"start":{"line":84,"column":17},"end":{"line":84,"column":64}},{"start":{"line":84,"column":67},"end":{"line":84,"column":71}}],"line":84},"5":{"loc":{"start":{"line":99,"column":7},"end":{"line":99,"column":67}},"type":"cond-expr","locations":[{"start":{"line":99,"column":15},"end":{"line":99,"column":60}},{"start":{"line":99,"column":63},"end":{"line":99,"column":67}}],"line":99}},"s":{"0":0,"1":0,"2":0,"3":0,"4":0,"5":0,"6":0,"7":0,"8":0,"9":0,"10":0,"11":0,"12":0,"13":0,"14":0,"15":0,"16":0,"17":0,"18":0,"19":0,"20":0,"21":0,"22":0,"23":0,"24":0,"25":0,"26":0,"27":0,"28":0,"29":0,"30":0,"31":0,"32":0},"f":{"0":0,"1":0,"2":0,"3":0,"4":0},"b":{"0":[0,0],"1":[0,0],"2":[0,0],"3":[0,0],"4":[0,0],"5":[0,0]}}
,"C:\\Users\\donal\\Documents\\Projects\\smart-health-react-native\\app\\presentation\\ui\\pages\\(auth)\\SignIn.jsx": {"path":"C:\\Users\\donal\\Documents\\Projects\\smart-health-react-native\\app\\presentation\\ui\\pages\\(auth)\\SignIn.jsx","statementMap":{"0":{"start":{"line":12,"column":15},"end":{"line":151,"column":1}},"1":{"start":{"line":13,"column":28},"end":{"line":13,"column":40}},"2":{"start":{"line":14,"column":34},"end":{"line":14,"column":46}},"3":{"start":{"line":15,"column":38},"end":{"line":15,"column":50}},"4":{"start":{"line":16,"column":44},"end":{"line":16,"column":56}},"5":{"start":{"line":17,"column":36},"end":{"line":17,"column":48}},"6":{"start":{"line":18,"column":32},"end":{"line":18,"column":44}},"7":{"start":{"line":19,"column":36},"end":{"line":19,"column":51}},"8":{"start":{"line":25,"column":24},"end":{"line":28,"column":3}},"9":{"start":{"line":26,"column":23},"end":{"line":26,"column":51}},"10":{"start":{"line":27,"column":4},"end":{"line":27,"column":34}},"11":{"start":{"line":31,"column":24},"end":{"line":76,"column":3}},"12":{"start":{"line":32,"column":4},"end":{"line":32,"column":26}},"13":{"start":{"line":35,"column":16},"end":{"line":35,"column":20}},"14":{"start":{"line":39,"column":4},"end":{"line":39,"column":22}},"15":{"start":{"line":40,"column":4},"end":{"line":40,"column":25}},"16":{"start":{"line":44,"column":4},"end":{"line":50,"column":5}},"17":{"start":{"line":45,"column":6},"end":{"line":45,"column":42}},"18":{"start":{"line":46,"column":6},"end":{"line":46,"column":20}},"19":{"start":{"line":47,"column":11},"end":{"line":50,"column":5}},"20":{"start":{"line":48,"column":6},"end":{"line":48,"column":59}},"21":{"start":{"line":49,"column":6},"end":{"line":49,"column":20}},"22":{"start":{"line":53,"column":4},"end":{"line":56,"column":5}},"23":{"start":{"line":54,"column":6},"end":{"line":54,"column":48}},"24":{"start":{"line":55,"column":6},"end":{"line":55,"column":20}},"25":{"start":{"line":59,"column":4},"end":{"line":75,"column":5}},"26":{"start":{"line":60,"column":6},"end":{"line":60,"column":24}},"27":{"start":{"line":62,"column":6},"end":{"line":74,"column":7}},"28":{"start":{"line":64,"column":8},"end":{"line":64,"column":41}},"29":{"start":{"line":69,"column":8},"end":{"line":69,"column":68}},"30":{"start":{"line":70,"column":8},"end":{"line":70,"column":33}},"31":{"start":{"line":73,"column":8},"end":{"line":73,"column":27}},"32":{"start":{"line":80,"column":2},"end":{"line":91,"column":5}},"33":{"start":{"line":81,"column":4},"end":{"line":91,"column":5}},"34":{"start":{"line":95,"column":2},"end":{"line":150,"column":4}},"35":{"start":{"line":130,"column":45},"end":{"line":130,"column":83}},"36":{"start":{"line":143,"column":45},"end":{"line":143,"column":77}},"37":{"start":{"line":153,"column":15},"end":{"line":205,"column":2}}},"fnMap":{"0":{"name":"(anonymous_0)","decl":{"start":{"line":12,"column":15},"end":{"line":12,"column":16}},"loc":{"start":{"line":12,"column":21},"end":{"line":151,"column":1}},"line":12},"1":{"name":"(anonymous_1)","decl":{"start":{"line":25,"column":24},"end":{"line":25,"column":25}},"loc":{"start":{"line":25,"column":35},"end":{"line":28,"column":3}},"line":25},"2":{"name":"(anonymous_2)","decl":{"start":{"line":31,"column":24},"end":{"line":31,"column":25}},"loc":{"start":{"line":31,"column":40},"end":{"line":76,"column":3}},"line":31},"3":{"name":"(anonymous_3)","decl":{"start":{"line":130,"column":39},"end":{"line":130,"column":40}},"loc":{"start":{"line":130,"column":45},"end":{"line":130,"column":83}},"line":130},"4":{"name":"(anonymous_4)","decl":{"start":{"line":143,"column":39},"end":{"line":143,"column":40}},"loc":{"start":{"line":143,"column":45},"end":{"line":143,"column":77}},"line":143}},"branchMap":{"0":{"loc":{"start":{"line":44,"column":4},"end":{"line":50,"column":5}},"type":"if","locations":[{"start":{"line":44,"column":4},"end":{"line":50,"column":5}},{"start":{"line":47,"column":11},"end":{"line":50,"column":5}}],"line":44},"1":{"loc":{"start":{"line":47,"column":11},"end":{"line":50,"column":5}},"type":"if","locations":[{"start":{"line":47,"column":11},"end":{"line":50,"column":5}},{"start":{},"end":{}}],"line":47},"2":{"loc":{"start":{"line":53,"column":4},"end":{"line":56,"column":5}},"type":"if","locations":[{"start":{"line":53,"column":4},"end":{"line":56,"column":5}},{"start":{},"end":{}}],"line":53},"3":{"loc":{"start":{"line":59,"column":4},"end":{"line":75,"column":5}},"type":"if","locations":[{"start":{"line":59,"column":4},"end":{"line":75,"column":5}},{"start":{},"end":{}}],"line":59},"4":{"loc":{"start":{"line":80,"column":2},"end":{"line":91,"column":5}},"type":"if","locations":[{"start":{"line":80,"column":2},"end":{"line":91,"column":5}},{"start":{},"end":{}}],"line":80},"5":{"loc":{"start":{"line":101,"column":11},"end":{"line":101,"column":75}},"type":"cond-expr","locations":[{"start":{"line":101,"column":21},"end":{"line":101,"column":68}},{"start":{"line":101,"column":71},"end":{"line":101,"column":75}}],"line":101},"6":{"loc":{"start":{"line":111,"column":11},"end":{"line":111,"column":81}},"type":"cond-expr","locations":[{"start":{"line":111,"column":24},"end":{"line":111,"column":74}},{"start":{"line":111,"column":77},"end":{"line":111,"column":81}}],"line":111},"7":{"loc":{"start":{"line":122,"column":11},"end":{"line":122,"column":87}},"type":"cond-expr","locations":[{"start":{"line":122,"column":27},"end":{"line":122,"column":80}},{"start":{"line":122,"column":83},"end":{"line":122,"column":87}}],"line":122}},"s":{"0":0,"1":0,"2":0,"3":0,"4":0,"5":0,"6":0,"7":0,"8":0,"9":0,"10":0,"11":0,"12":0,"13":0,"14":0,"15":0,"16":0,"17":0,"18":0,"19":0,"20":0,"21":0,"22":0,"23":0,"24":0,"25":0,"26":0,"27":0,"28":0,"29":0,"30":0,"31":0,"32":0,"33":0,"34":0,"35":0,"36":0,"37":0},"f":{"0":0,"1":0,"2":0,"3":0,"4":0},"b":{"0":[0,0],"1":[0,0],"2":[0,0],"3":[0,0],"4":[0,0],"5":[0,0],"6":[0,0],"7":[0,0]}}
,"C:\\Users\\donal\\Documents\\Projects\\smart-health-react-native\\app\\presentation\\ui\\pages\\(auth)\\VerifyAccount.jsx": {"path":"C:\\Users\\donal\\Documents\\Projects\\smart-health-react-native\\app\\presentation\\ui\\pages\\(auth)\\VerifyAccount.jsx","statementMap":{"0":{"start":{"line":11,"column":21},"end":{"line":13,"column":1}},"1":{"start":{"line":12,"column":2},"end":{"line":12,"column":32}},"2":{"start":{"line":15,"column":29},"end":{"line":301,"column":1}},"3":{"start":{"line":16,"column":17},"end":{"line":16,"column":28}},"4":{"start":{"line":17,"column":26},"end":{"line":17,"column":38}},"5":{"start":{"line":18,"column":32},"end":{"line":18,"column":44}},"6":{"start":{"line":19,"column":28},"end":{"line":19,"column":40}},"7":{"start":{"line":20,"column":28},"end":{"line":20,"column":40}},"8":{"start":{"line":21,"column":28},"end":{"line":21,"column":40}},"9":{"start":{"line":22,"column":32},"end":{"line":22,"column":44}},"10":{"start":{"line":23,"column":30},"end":{"line":23,"column":42}},"11":{"start":{"line":24,"column":34},"end":{"line":24,"column":46}},"12":{"start":{"line":25,"column":48},"end":{"line":25,"column":60}},"13":{"start":{"line":26,"column":44},"end":{"line":26,"column":59}},"14":{"start":{"line":27,"column":36},"end":{"line":27,"column":51}},"15":{"start":{"line":29,"column":38},"end":{"line":29,"column":50}},"16":{"start":{"line":30,"column":36},"end":{"line":30,"column":48}},"17":{"start":{"line":31,"column":42},"end":{"line":31,"column":54}},"18":{"start":{"line":32,"column":38},"end":{"line":32,"column":50}},"19":{"start":{"line":33,"column":38},"end":{"line":33,"column":50}},"20":{"start":{"line":34,"column":42},"end":{"line":34,"column":54}},"21":{"start":{"line":35,"column":40},"end":{"line":35,"column":52}},"22":{"start":{"line":36,"column":44},"end":{"line":36,"column":56}},"23":{"start":{"line":37,"column":38},"end":{"line":37,"column":50}},"24":{"start":{"line":38,"column":32},"end":{"line":38,"column":44}},"25":{"start":{"line":41,"column":24},"end":{"line":44,"column":3}},"26":{"start":{"line":42,"column":23},"end":{"line":42,"column":51}},"27":{"start":{"line":43,"column":4},"end":{"line":43,"column":34}},"28":{"start":{"line":47,"column":4},"end":{"line":47,"column":44}},"29":{"start":{"line":47,"column":32},"end":{"line":47,"column":44}},"30":{"start":{"line":48,"column":4},"end":{"line":49,"column":34}},"31":{"start":{"line":53,"column":23},"end":{"line":155,"column":3}},"32":{"start":{"line":54,"column":4},"end":{"line":54,"column":27}},"33":{"start":{"line":55,"column":16},"end":{"line":55,"column":20}},"34":{"start":{"line":58,"column":4},"end":{"line":58,"column":22}},"35":{"start":{"line":59,"column":4},"end":{"line":59,"column":25}},"36":{"start":{"line":60,"column":4},"end":{"line":60,"column":19}},"37":{"start":{"line":63,"column":4},"end":{"line":69,"column":5}},"38":{"start":{"line":64,"column":6},"end":{"line":64,"column":42}},"39":{"start":{"line":65,"column":6},"end":{"line":65,"column":20}},"40":{"start":{"line":66,"column":11},"end":{"line":69,"column":5}},"41":{"start":{"line":67,"column":6},"end":{"line":67,"column":59}},"42":{"start":{"line":68,"column":6},"end":{"line":68,"column":20}},"43":{"start":{"line":71,"column":4},"end":{"line":74,"column":5}},"44":{"start":{"line":72,"column":6},"end":{"line":72,"column":32}},"45":{"start":{"line":73,"column":6},"end":{"line":73,"column":20}},"46":{"start":{"line":76,"column":4},"end":{"line":79,"column":5}},"47":{"start":{"line":77,"column":6},"end":{"line":77,"column":35}},"48":{"start":{"line":78,"column":6},"end":{"line":78,"column":20}},"49":{"start":{"line":81,"column":4},"end":{"line":87,"column":5}},"50":{"start":{"line":82,"column":6},"end":{"line":82,"column":33}},"51":{"start":{"line":83,"column":6},"end":{"line":83,"column":20}},"52":{"start":{"line":84,"column":11},"end":{"line":87,"column":5}},"53":{"start":{"line":85,"column":6},"end":{"line":85,"column":54}},"54":{"start":{"line":86,"column":6},"end":{"line":86,"column":20}},"55":{"start":{"line":89,"column":4},"end":{"line":92,"column":5}},"56":{"start":{"line":90,"column":6},"end":{"line":90,"column":33}},"57":{"start":{"line":91,"column":6},"end":{"line":91,"column":20}},"58":{"start":{"line":94,"column":4},"end":{"line":103,"column":5}},"59":{"start":{"line":95,"column":6},"end":{"line":95,"column":35}},"60":{"start":{"line":96,"column":6},"end":{"line":96,"column":20}},"61":{"start":{"line":97,"column":11},"end":{"line":103,"column":5}},"62":{"start":{"line":98,"column":6},"end":{"line":98,"column":50}},"63":{"start":{"line":99,"column":6},"end":{"line":99,"column":20}},"64":{"start":{"line":100,"column":10},"end":{"line":103,"column":5}},"65":{"start":{"line":101,"column":6},"end":{"line":101,"column":50}},"66":{"start":{"line":102,"column":6},"end":{"line":102,"column":20}},"67":{"start":{"line":105,"column":4},"end":{"line":108,"column":5}},"68":{"start":{"line":106,"column":6},"end":{"line":106,"column":34}},"69":{"start":{"line":107,"column":6},"end":{"line":107,"column":20}},"70":{"start":{"line":111,"column":4},"end":{"line":117,"column":5}},"71":{"start":{"line":112,"column":6},"end":{"line":112,"column":48}},"72":{"start":{"line":113,"column":6},"end":{"line":113,"column":20}},"73":{"start":{"line":114,"column":11},"end":{"line":117,"column":5}},"74":{"start":{"line":115,"column":6},"end":{"line":115,"column":50}},"75":{"start":{"line":116,"column":6},"end":{"line":116,"column":20}},"76":{"start":{"line":119,"column":4},"end":{"line":122,"column":5}},"77":{"start":{"line":120,"column":6},"end":{"line":120,"column":76}},"78":{"start":{"line":121,"column":6},"end":{"line":121,"column":20}},"79":{"start":{"line":125,"column":4},"end":{"line":154,"column":5}},"80":{"start":{"line":127,"column":6},"end":{"line":127,"column":24}},"81":{"start":{"line":128,"column":24},"end":{"line":139,"column":7}},"82":{"start":{"line":141,"column":6},"end":{"line":152,"column":7}},"83":{"start":{"line":143,"column":8},"end":{"line":143,"column":57}},"84":{"start":{"line":147,"column":8},"end":{"line":147,"column":73}},"85":{"start":{"line":148,"column":8},"end":{"line":148,"column":61}},"86":{"start":{"line":150,"column":8},"end":{"line":150,"column":47}},"87":{"start":{"line":151,"column":8},"end":{"line":151,"column":27}},"88":{"start":{"line":157,"column":2},"end":{"line":168,"column":5}},"89":{"start":{"line":158,"column":4},"end":{"line":168,"column":5}},"90":{"start":{"line":170,"column":2},"end":{"line":300,"column":4}},"91":{"start":{"line":275,"column":45},"end":{"line":275,"column":77}},"92":{"start":{"line":278,"column":45},"end":{"line":278,"column":74}},"93":{"start":{"line":293,"column":45},"end":{"line":293,"column":76}},"94":{"start":{"line":303,"column":15},"end":{"line":350,"column":2}}},"fnMap":{"0":{"name":"(anonymous_0)","decl":{"start":{"line":11,"column":21},"end":{"line":11,"column":22}},"loc":{"start":{"line":11,"column":31},"end":{"line":13,"column":1}},"line":11},"1":{"name":"(anonymous_1)","decl":{"start":{"line":15,"column":29},"end":{"line":15,"column":30}},"loc":{"start":{"line":15,"column":35},"end":{"line":301,"column":1}},"line":15},"2":{"name":"(anonymous_2)","decl":{"start":{"line":41,"column":24},"end":{"line":41,"column":25}},"loc":{"start":{"line":41,"column":35},"end":{"line":44,"column":3}},"line":41},"3":{"name":"isNumeric","decl":{"start":{"line":46,"column":11},"end":{"line":46,"column":20}},"loc":{"start":{"line":46,"column":26},"end":{"line":50,"column":3}},"line":46},"4":{"name":"(anonymous_4)","decl":{"start":{"line":53,"column":23},"end":{"line":53,"column":24}},"loc":{"start":{"line":53,"column":40},"end":{"line":155,"column":3}},"line":53},"5":{"name":"(anonymous_5)","decl":{"start":{"line":275,"column":39},"end":{"line":275,"column":40}},"loc":{"start":{"line":275,"column":45},"end":{"line":275,"column":77}},"line":275},"6":{"name":"(anonymous_6)","decl":{"start":{"line":278,"column":39},"end":{"line":278,"column":40}},"loc":{"start":{"line":278,"column":45},"end":{"line":278,"column":74}},"line":278},"7":{"name":"(anonymous_7)","decl":{"start":{"line":293,"column":39},"end":{"line":293,"column":40}},"loc":{"start":{"line":293,"column":45},"end":{"line":293,"column":76}},"line":293}},"branchMap":{"0":{"loc":{"start":{"line":47,"column":4},"end":{"line":47,"column":44}},"type":"if","locations":[{"start":{"line":47,"column":4},"end":{"line":47,"column":44}},{"start":{},"end":{}}],"line":47},"1":{"loc":{"start":{"line":48,"column":11},"end":{"line":49,"column":34}},"type":"binary-expr","locations":[{"start":{"line":48,"column":11},"end":{"line":48,"column":22}},{"start":{"line":49,"column":11},"end":{"line":49,"column":34}}],"line":48},"2":{"loc":{"start":{"line":63,"column":4},"end":{"line":69,"column":5}},"type":"if","locations":[{"start":{"line":63,"column":4},"end":{"line":69,"column":5}},{"start":{"line":66,"column":11},"end":{"line":69,"column":5}}],"line":63},"3":{"loc":{"start":{"line":66,"column":11},"end":{"line":69,"column":5}},"type":"if","locations":[{"start":{"line":66,"column":11},"end":{"line":69,"column":5}},{"start":{},"end":{}}],"line":66},"4":{"loc":{"start":{"line":71,"column":4},"end":{"line":74,"column":5}},"type":"if","locations":[{"start":{"line":71,"column":4},"end":{"line":74,"column":5}},{"start":{},"end":{}}],"line":71},"5":{"loc":{"start":{"line":76,"column":4},"end":{"line":79,"column":5}},"type":"if","locations":[{"start":{"line":76,"column":4},"end":{"line":79,"column":5}},{"start":{},"end":{}}],"line":76},"6":{"loc":{"start":{"line":81,"column":4},"end":{"line":87,"column":5}},"type":"if","locations":[{"start":{"line":81,"column":4},"end":{"line":87,"column":5}},{"start":{"line":84,"column":11},"end":{"line":87,"column":5}}],"line":81},"7":{"loc":{"start":{"line":84,"column":11},"end":{"line":87,"column":5}},"type":"if","locations":[{"start":{"line":84,"column":11},"end":{"line":87,"column":5}},{"start":{},"end":{}}],"line":84},"8":{"loc":{"start":{"line":89,"column":4},"end":{"line":92,"column":5}},"type":"if","locations":[{"start":{"line":89,"column":4},"end":{"line":92,"column":5}},{"start":{},"end":{}}],"line":89},"9":{"loc":{"start":{"line":94,"column":4},"end":{"line":103,"column":5}},"type":"if","locations":[{"start":{"line":94,"column":4},"end":{"line":103,"column":5}},{"start":{"line":97,"column":11},"end":{"line":103,"column":5}}],"line":94},"10":{"loc":{"start":{"line":97,"column":11},"end":{"line":103,"column":5}},"type":"if","locations":[{"start":{"line":97,"column":11},"end":{"line":103,"column":5}},{"start":{"line":100,"column":10},"end":{"line":103,"column":5}}],"line":97},"11":{"loc":{"start":{"line":100,"column":10},"end":{"line":103,"column":5}},"type":"if","locations":[{"start":{"line":100,"column":10},"end":{"line":103,"column":5}},{"start":{},"end":{}}],"line":100},"12":{"loc":{"start":{"line":105,"column":4},"end":{"line":108,"column":5}},"type":"if","locations":[{"start":{"line":105,"column":4},"end":{"line":108,"column":5}},{"start":{},"end":{}}],"line":105},"13":{"loc":{"start":{"line":111,"column":4},"end":{"line":117,"column":5}},"type":"if","locations":[{"start":{"line":111,"column":4},"end":{"line":117,"column":5}},{"start":{"line":114,"column":11},"end":{"line":117,"column":5}}],"line":111},"14":{"loc":{"start":{"line":114,"column":11},"end":{"line":117,"column":5}},"type":"if","locations":[{"start":{"line":114,"column":11},"end":{"line":117,"column":5}},{"start":{},"end":{}}],"line":114},"15":{"loc":{"start":{"line":119,"column":4},"end":{"line":122,"column":5}},"type":"if","locations":[{"start":{"line":119,"column":4},"end":{"line":122,"column":5}},{"start":{},"end":{}}],"line":119},"16":{"loc":{"start":{"line":125,"column":4},"end":{"line":154,"column":5}},"type":"if","locations":[{"start":{"line":125,"column":4},"end":{"line":154,"column":5}},{"start":{},"end":{}}],"line":125},"17":{"loc":{"start":{"line":157,"column":2},"end":{"line":168,"column":5}},"type":"if","locations":[{"start":{"line":157,"column":2},"end":{"line":168,"column":5}},{"start":{},"end":{}}],"line":157},"18":{"loc":{"start":{"line":176,"column":11},"end":{"line":176,"column":75}},"type":"cond-expr","locations":[{"start":{"line":176,"column":21},"end":{"line":176,"column":68}},{"start":{"line":176,"column":71},"end":{"line":176,"column":75}}],"line":176},"19":{"loc":{"start":{"line":185,"column":11},"end":{"line":185,"column":79}},"type":"cond-expr","locations":[{"start":{"line":185,"column":23},"end":{"line":185,"column":72}},{"start":{"line":185,"column":75},"end":{"line":185,"column":79}}],"line":185},"20":{"loc":{"start":{"line":194,"column":11},"end":{"line":194,"column":85}},"type":"cond-expr","locations":[{"start":{"line":194,"column":26},"end":{"line":194,"column":78}},{"start":{"line":194,"column":81},"end":{"line":194,"column":85}}],"line":194},"21":{"loc":{"start":{"line":205,"column":11},"end":{"line":205,"column":81}},"type":"cond-expr","locations":[{"start":{"line":205,"column":24},"end":{"line":205,"column":74}},{"start":{"line":205,"column":77},"end":{"line":205,"column":81}}],"line":205},"22":{"loc":{"start":{"line":215,"column":11},"end":{"line":215,"column":81}},"type":"cond-expr","locations":[{"start":{"line":215,"column":24},"end":{"line":215,"column":74}},{"start":{"line":215,"column":77},"end":{"line":215,"column":81}}],"line":215},"23":{"loc":{"start":{"line":224,"column":11},"end":{"line":224,"column":81}},"type":"cond-expr","locations":[{"start":{"line":224,"column":24},"end":{"line":224,"column":74}},{"start":{"line":224,"column":77},"end":{"line":224,"column":81}}],"line":224},"24":{"loc":{"start":{"line":234,"column":11},"end":{"line":234,"column":84}},"type":"cond-expr","locations":[{"start":{"line":234,"column":25},"end":{"line":234,"column":77}},{"start":{"line":234,"column":80},"end":{"line":234,"column":84}}],"line":234},"25":{"loc":{"start":{"line":244,"column":11},"end":{"line":244,"column":82}},"type":"cond-expr","locations":[{"start":{"line":244,"column":24},"end":{"line":244,"column":75}},{"start":{"line":244,"column":78},"end":{"line":244,"column":82}}],"line":244},"26":{"loc":{"start":{"line":257,"column":11},"end":{"line":257,"column":87}},"type":"cond-expr","locations":[{"start":{"line":257,"column":27},"end":{"line":257,"column":80}},{"start":{"line":257,"column":83},"end":{"line":257,"column":87}}],"line":257},"27":{"loc":{"start":{"line":268,"column":11},"end":{"line":268,"column":87}},"type":"cond-expr","locations":[{"start":{"line":268,"column":27},"end":{"line":268,"column":80}},{"start":{"line":268,"column":83},"end":{"line":268,"column":87}}],"line":268},"28":{"loc":{"start":{"line":271,"column":11},"end":{"line":271,"column":75}},"type":"cond-expr","locations":[{"start":{"line":271,"column":21},"end":{"line":271,"column":68}},{"start":{"line":271,"column":71},"end":{"line":271,"column":75}}],"line":271},"29":{"loc":{"start":{"line":276,"column":21},"end":{"line":276,"column":46}},"type":"cond-expr","locations":[{"start":{"line":276,"column":37},"end":{"line":276,"column":40}},{"start":{"line":276,"column":43},"end":{"line":276,"column":46}}],"line":276},"30":{"loc":{"start":{"line":283,"column":11},"end":{"line":283,"column":81}},"type":"cond-expr","locations":[{"start":{"line":283,"column":24},"end":{"line":283,"column":74}},{"start":{"line":283,"column":77},"end":{"line":283,"column":81}}],"line":283}},"s":{"0":0,"1":0,"2":0,"3":0,"4":0,"5":0,"6":0,"7":0,"8":0,"9":0,"10":0,"11":0,"12":0,"13":0,"14":0,"15":0,"16":0,"17":0,"18":0,"19":0,"20":0,"21":0,"22":0,"23":0,"24":0,"25":0,"26":0,"27":0,"28":0,"29":0,"30":0,"31":0,"32":0,"33":0,"34":0,"35":0,"36":0,"37":0,"38":0,"39":0,"40":0,"41":0,"42":0,"43":0,"44":0,"45":0,"46":0,"47":0,"48":0,"49":0,"50":0,"51":0,"52":0,"53":0,"54":0,"55":0,"56":0,"57":0,"58":0,"59":0,"60":0,"61":0,"62":0,"63":0,"64":0,"65":0,"66":0,"67":0,"68":0,"69":0,"70":0,"71":0,"72":0,"73":0,"74":0,"75":0,"76":0,"77":0,"78":0,"79":0,"80":0,"81":0,"82":0,"83":0,"84":0,"85":0,"86":0,"87":0,"88":0,"89":0,"90":0,"91":0,"92":0,"93":0,"94":0},"f":{"0":0,"1":0,"2":0,"3":0,"4":0,"5":0,"6":0,"7":0},"b":{"0":[0,0],"1":[0,0],"2":[0,0],"3":[0,0],"4":[0,0],"5":[0,0],"6":[0,0],"7":[0,0],"8":[0,0],"9":[0,0],"10":[0,0],"11":[0,0],"12":[0,0],"13":[0,0],"14":[0,0],"15":[0,0],"16":[0,0],"17":[0,0],"18":[0,0],"19":[0,0],"20":[0,0],"21":[0,0],"22":[0,0],"23":[0,0],"24":[0,0],"25":[0,0],"26":[0,0],"27":[0,0],"28":[0,0],"29":[0,0],"30":[0,0]}}
,"C:\\Users\\donal\\Documents\\Projects\\smart-health-react-native\\app\\presentation\\ui\\pages\\(auth)\\_layout.jsx": {"path":"C:\\Users\\donal\\Documents\\Projects\\smart-health-react-native\\app\\presentation\\ui\\pages\\(auth)\\_layout.jsx","statementMap":{"0":{"start":{"line":5,"column":19},"end":{"line":47,"column":1}},"1":{"start":{"line":7,"column":24},"end":{"line":7,"column":45}},"2":{"start":{"line":8,"column":2},"end":{"line":46,"column":3}}},"fnMap":{"0":{"name":"(anonymous_0)","decl":{"start":{"line":5,"column":19},"end":{"line":5,"column":20}},"loc":{"start":{"line":5,"column":25},"end":{"line":47,"column":1}},"line":5}},"branchMap":{},"s":{"0":0,"1":0,"2":0},"f":{"0":0},"b":{}}
,"C:\\Users\\donal\\Documents\\Projects\\smart-health-react-native\\app\\presentation\\ui\\pages\\(standalone)\\ChangePassword.jsx": {"path":"C:\\Users\\donal\\Documents\\Projects\\smart-health-react-native\\app\\presentation\\ui\\pages\\(standalone)\\ChangePassword.jsx","statementMap":{"0":{"start":{"line":11,"column":23},"end":{"line":78,"column":1}},"1":{"start":{"line":12,"column":48},"end":{"line":12,"column":60}},"2":{"start":{"line":13,"column":40},"end":{"line":13,"column":52}},"3":{"start":{"line":14,"column":48},"end":{"line":14,"column":60}},"4":{"start":{"line":15,"column":32},"end":{"line":15,"column":44}},"5":{"start":{"line":16,"column":44},"end":{"line":16,"column":56}},"6":{"start":{"line":17,"column":36},"end":{"line":17,"column":51}},"7":{"start":{"line":18,"column":20},"end":{"line":18,"column":38}},"8":{"start":{"line":20,"column":31},"end":{"line":42,"column":3}},"9":{"start":{"line":22,"column":4},"end":{"line":41,"column":5}},"10":{"start":{"line":23,"column":6},"end":{"line":23,"column":24}},"11":{"start":{"line":24,"column":6},"end":{"line":38,"column":7}},"12":{"start":{"line":25,"column":8},"end":{"line":29,"column":10}},"13":{"start":{"line":27,"column":10},"end":{"line":27,"column":86}},"14":{"start":{"line":28,"column":10},"end":{"line":28,"column":41}},"15":{"start":{"line":32,"column":8},"end":{"line":32,"column":32}},"16":{"start":{"line":33,"column":8},"end":{"line":33,"column":80}},"17":{"start":{"line":37,"column":8},"end":{"line":37,"column":27}},"18":{"start":{"line":44,"column":2},"end":{"line":55,"column":5}},"19":{"start":{"line":45,"column":4},"end":{"line":55,"column":5}},"20":{"start":{"line":57,"column":2},"end":{"line":77,"column":4}},"21":{"start":{"line":61,"column":41},"end":{"line":61,"column":54}},"22":{"start":{"line":80,"column":15},"end":{"line":123,"column":2}}},"fnMap":{"0":{"name":"(anonymous_0)","decl":{"start":{"line":11,"column":23},"end":{"line":11,"column":24}},"loc":{"start":{"line":11,"column":29},"end":{"line":78,"column":1}},"line":11},"1":{"name":"(anonymous_1)","decl":{"start":{"line":20,"column":31},"end":{"line":20,"column":32}},"loc":{"start":{"line":20,"column":42},"end":{"line":42,"column":3}},"line":20},"2":{"name":"(anonymous_2)","decl":{"start":{"line":26,"column":14},"end":{"line":26,"column":15}},"loc":{"start":{"line":26,"column":20},"end":{"line":29,"column":9}},"line":26},"3":{"name":"(anonymous_3)","decl":{"start":{"line":61,"column":35},"end":{"line":61,"column":36}},"loc":{"start":{"line":61,"column":39},"end":{"line":61,"column":55}},"line":61}},"branchMap":{"0":{"loc":{"start":{"line":22,"column":4},"end":{"line":41,"column":5}},"type":"if","locations":[{"start":{"line":22,"column":4},"end":{"line":41,"column":5}},{"start":{},"end":{}}],"line":22},"1":{"loc":{"start":{"line":44,"column":2},"end":{"line":55,"column":5}},"type":"if","locations":[{"start":{"line":44,"column":2},"end":{"line":55,"column":5}},{"start":{},"end":{}}],"line":44},"2":{"loc":{"start":{"line":70,"column":7},"end":{"line":70,"column":71}},"type":"cond-expr","locations":[{"start":{"line":70,"column":17},"end":{"line":70,"column":64}},{"start":{"line":70,"column":67},"end":{"line":70,"column":71}}],"line":70}},"s":{"0":0,"1":0,"2":0,"3":0,"4":0,"5":0,"6":0,"7":0,"8":0,"9":0,"10":0,"11":0,"12":0,"13":0,"14":0,"15":0,"16":0,"17":0,"18":0,"19":0,"20":0,"21":0,"22":0},"f":{"0":0,"1":0,"2":0,"3":0},"b":{"0":[0,0],"1":[0,0],"2":[0,0]}}
,"C:\\Users\\donal\\Documents\\Projects\\smart-health-react-native\\app\\presentation\\ui\\pages\\(standalone)\\CreateMedicalFile.jsx": {"path":"C:\\Users\\donal\\Documents\\Projects\\smart-health-react-native\\app\\presentation\\ui\\pages\\(standalone)\\CreateMedicalFile.jsx","statementMap":{"0":{"start":{"line":10,"column":26},"end":{"line":111,"column":1}},"1":{"start":{"line":11,"column":40},"end":{"line":11,"column":58}},"2":{"start":{"line":14,"column":46},"end":{"line":14,"column":58}},"3":{"start":{"line":15,"column":30},"end":{"line":15,"column":42}},"4":{"start":{"line":16,"column":36},"end":{"line":16,"column":48}},"5":{"start":{"line":20,"column":30},"end":{"line":20,"column":42}},"6":{"start":{"line":27,"column":23},"end":{"line":34,"column":3}},"7":{"start":{"line":28,"column":22},"end":{"line":28,"column":24}},"8":{"start":{"line":29,"column":4},"end":{"line":29,"column":83}},"9":{"start":{"line":29,"column":25},"end":{"line":29,"column":83}},"10":{"start":{"line":30,"column":4},"end":{"line":30,"column":57}},"11":{"start":{"line":30,"column":17},"end":{"line":30,"column":57}},"12":{"start":{"line":31,"column":4},"end":{"line":31,"column":66}},"13":{"start":{"line":31,"column":20},"end":{"line":31,"column":66}},"14":{"start":{"line":33,"column":4},"end":{"line":33,"column":21}},"15":{"start":{"line":37,"column":21},"end":{"line":71,"column":3}},"16":{"start":{"line":38,"column":22},"end":{"line":38,"column":36}},"17":{"start":{"line":39,"column":4},"end":{"line":70,"column":5}},"18":{"start":{"line":40,"column":6},"end":{"line":40,"column":27}},"19":{"start":{"line":43,"column":6},"end":{"line":43,"column":20}},"20":{"start":{"line":44,"column":26},"end":{"line":51,"column":7}},"21":{"start":{"line":52,"column":6},"end":{"line":52,"column":59}},"22":{"start":{"line":54,"column":6},"end":{"line":54,"column":34}},"23":{"start":{"line":56,"column":6},"end":{"line":56,"column":32}},"24":{"start":{"line":73,"column":2},"end":{"line":110,"column":4}},"25":{"start":{"line":113,"column":15},"end":{"line":153,"column":2}}},"fnMap":{"0":{"name":"(anonymous_0)","decl":{"start":{"line":10,"column":26},"end":{"line":10,"column":27}},"loc":{"start":{"line":10,"column":32},"end":{"line":111,"column":1}},"line":10},"1":{"name":"(anonymous_1)","decl":{"start":{"line":27,"column":23},"end":{"line":27,"column":24}},"loc":{"start":{"line":27,"column":29},"end":{"line":34,"column":3}},"line":27},"2":{"name":"(anonymous_2)","decl":{"start":{"line":37,"column":21},"end":{"line":37,"column":22}},"loc":{"start":{"line":37,"column":27},"end":{"line":71,"column":3}},"line":37}},"branchMap":{"0":{"loc":{"start":{"line":29,"column":4},"end":{"line":29,"column":83}},"type":"if","locations":[{"start":{"line":29,"column":4},"end":{"line":29,"column":83}},{"start":{},"end":{}}],"line":29},"1":{"loc":{"start":{"line":30,"column":4},"end":{"line":30,"column":57}},"type":"if","locations":[{"start":{"line":30,"column":4},"end":{"line":30,"column":57}},{"start":{},"end":{}}],"line":30},"2":{"loc":{"start":{"line":31,"column":4},"end":{"line":31,"column":66}},"type":"if","locations":[{"start":{"line":31,"column":4},"end":{"line":31,"column":66}},{"start":{},"end":{}}],"line":31},"3":{"loc":{"start":{"line":39,"column":4},"end":{"line":70,"column":5}},"type":"if","locations":[{"start":{"line":39,"column":4},"end":{"line":70,"column":5}},{"start":{"line":41,"column":11},"end":{"line":70,"column":5}}],"line":39},"4":{"loc":{"start":{"line":85,"column":9},"end":{"line":85,"column":95}},"type":"binary-expr","locations":[{"start":{"line":85,"column":9},"end":{"line":85,"column":30}},{"start":{"line":85,"column":34},"end":{"line":85,"column":95}}],"line":85},"5":{"loc":{"start":{"line":93,"column":9},"end":{"line":93,"column":79}},"type":"binary-expr","locations":[{"start":{"line":93,"column":9},"end":{"line":93,"column":22}},{"start":{"line":93,"column":26},"end":{"line":93,"column":79}}],"line":93},"6":{"loc":{"start":{"line":101,"column":9},"end":{"line":101,"column":85}},"type":"binary-expr","locations":[{"start":{"line":101,"column":9},"end":{"line":101,"column":25}},{"start":{"line":101,"column":29},"end":{"line":101,"column":85}}],"line":101}},"s":{"0":0,"1":0,"2":0,"3":0,"4":0,"5":0,"6":0,"7":0,"8":0,"9":0,"10":0,"11":0,"12":0,"13":0,"14":0,"15":0,"16":0,"17":0,"18":0,"19":0,"20":0,"21":0,"22":0,"23":0,"24":0,"25":0},"f":{"0":0,"1":0,"2":0},"b":{"0":[0,0],"1":[0,0],"2":[0,0],"3":[0,0],"4":[0,0],"5":[0,0],"6":[0,0]}}
,"C:\\Users\\donal\\Documents\\Projects\\smart-health-react-native\\app\\presentation\\ui\\pages\\(standalone)\\CreatePatientFile.jsx": {"path":"C:\\Users\\donal\\Documents\\Projects\\smart-health-react-native\\app\\presentation\\ui\\pages\\(standalone)\\CreatePatientFile.jsx","statementMap":{"0":{"start":{"line":13,"column":26},"end":{"line":317,"column":1}},"1":{"start":{"line":16,"column":31},"end":{"line":16,"column":63}},"2":{"start":{"line":17,"column":2},"end":{"line":17,"column":69}},"3":{"start":{"line":19,"column":27},"end":{"line":19,"column":45}},"4":{"start":{"line":22,"column":34},"end":{"line":22,"column":46}},"5":{"start":{"line":23,"column":28},"end":{"line":23,"column":40}},"6":{"start":{"line":24,"column":32},"end":{"line":24,"column":44}},"7":{"start":{"line":25,"column":30},"end":{"line":25,"column":42}},"8":{"start":{"line":26,"column":28},"end":{"line":26,"column":40}},"9":{"start":{"line":27,"column":24},"end":{"line":27,"column":36}},"10":{"start":{"line":28,"column":32},"end":{"line":28,"column":44}},"11":{"start":{"line":29,"column":26},"end":{"line":29,"column":38}},"12":{"start":{"line":30,"column":34},"end":{"line":30,"column":46}},"13":{"start":{"line":31,"column":44},"end":{"line":31,"column":56}},"14":{"start":{"line":32,"column":48},"end":{"line":32,"column":60}},"15":{"start":{"line":33,"column":40},"end":{"line":33,"column":52}},"16":{"start":{"line":34,"column":50},"end":{"line":34,"column":62}},"17":{"start":{"line":36,"column":36},"end":{"line":36,"column":51}},"18":{"start":{"line":39,"column":30},"end":{"line":39,"column":42}},"19":{"start":{"line":42,"column":23},"end":{"line":108,"column":3}},"20":{"start":{"line":43,"column":27},"end":{"line":43,"column":29}},"21":{"start":{"line":45,"column":4},"end":{"line":54,"column":5}},"22":{"start":{"line":46,"column":6},"end":{"line":46,"column":59}},"23":{"start":{"line":47,"column":6},"end":{"line":47,"column":20}},"24":{"start":{"line":48,"column":11},"end":{"line":54,"column":5}},"25":{"start":{"line":49,"column":6},"end":{"line":49,"column":61}},"26":{"start":{"line":50,"column":6},"end":{"line":50,"column":20}},"27":{"start":{"line":51,"column":11},"end":{"line":54,"column":5}},"28":{"start":{"line":52,"column":6},"end":{"line":52,"column":61}},"29":{"start":{"line":53,"column":6},"end":{"line":53,"column":20}},"30":{"start":{"line":56,"column":4},"end":{"line":58,"column":5}},"31":{"start":{"line":57,"column":6},"end":{"line":57,"column":51}},"32":{"start":{"line":60,"column":4},"end":{"line":62,"column":5}},"33":{"start":{"line":61,"column":6},"end":{"line":61,"column":56}},"34":{"start":{"line":64,"column":4},"end":{"line":66,"column":5}},"35":{"start":{"line":65,"column":6},"end":{"line":65,"column":54}},"36":{"start":{"line":68,"column":5},"end":{"line":70,"column":5}},"37":{"start":{"line":69,"column":6},"end":{"line":69,"column":65}},"38":{"start":{"line":72,"column":4},"end":{"line":74,"column":5}},"39":{"start":{"line":73,"column":6},"end":{"line":73,"column":60}},"40":{"start":{"line":76,"column":4},"end":{"line":78,"column":5}},"41":{"start":{"line":77,"column":6},"end":{"line":77,"column":58}},"42":{"start":{"line":80,"column":5},"end":{"line":82,"column":5}},"43":{"start":{"line":81,"column":6},"end":{"line":81,"column":61}},"44":{"start":{"line":84,"column":4},"end":{"line":86,"column":5}},"45":{"start":{"line":85,"column":6},"end":{"line":85,"column":50}},"46":{"start":{"line":88,"column":4},"end":{"line":90,"column":5}},"47":{"start":{"line":89,"column":6},"end":{"line":89,"column":69}},"48":{"start":{"line":93,"column":4},"end":{"line":95,"column":5}},"49":{"start":{"line":94,"column":6},"end":{"line":94,"column":77}},"50":{"start":{"line":97,"column":4},"end":{"line":99,"column":5}},"51":{"start":{"line":98,"column":6},"end":{"line":98,"column":72}},"52":{"start":{"line":101,"column":4},"end":{"line":103,"column":5}},"53":{"start":{"line":102,"column":6},"end":{"line":102,"column":87}},"54":{"start":{"line":105,"column":4},"end":{"line":105,"column":32}},"55":{"start":{"line":107,"column":4},"end":{"line":107,"column":54}},"56":{"start":{"line":111,"column":23},"end":{"line":180,"column":3}},"57":{"start":{"line":113,"column":4},"end":{"line":115,"column":5}},"58":{"start":{"line":114,"column":6},"end":{"line":114,"column":13}},"59":{"start":{"line":119,"column":23},"end":{"line":134,"column":5}},"60":{"start":{"line":136,"column":4},"end":{"line":174,"column":5}},"61":{"start":{"line":138,"column":6},"end":{"line":138,"column":68}},"62":{"start":{"line":140,"column":6},"end":{"line":140,"column":74}},"63":{"start":{"line":142,"column":6},"end":{"line":142,"column":41}},"64":{"start":{"line":146,"column":6},"end":{"line":146,"column":24}},"65":{"start":{"line":148,"column":6},"end":{"line":171,"column":7}},"66":{"start":{"line":150,"column":8},"end":{"line":162,"column":10}},"67":{"start":{"line":152,"column":10},"end":{"line":152,"column":62}},"68":{"start":{"line":153,"column":10},"end":{"line":153,"column":58}},"69":{"start":{"line":154,"column":10},"end":{"line":154,"column":38}},"70":{"start":{"line":155,"column":10},"end":{"line":155,"column":45}},"71":{"start":{"line":160,"column":10},"end":{"line":160,"column":42}},"72":{"start":{"line":161,"column":10},"end":{"line":161,"column":92}},"73":{"start":{"line":166,"column":8},"end":{"line":166,"column":82}},"74":{"start":{"line":167,"column":8},"end":{"line":167,"column":40}},"75":{"start":{"line":170,"column":8},"end":{"line":170,"column":27}},"76":{"start":{"line":182,"column":2},"end":{"line":193,"column":5}},"77":{"start":{"line":183,"column":4},"end":{"line":193,"column":5}},"78":{"start":{"line":195,"column":2},"end":{"line":316,"column":4}},"79":{"start":{"line":199,"column":41},"end":{"line":199,"column":54}},"80":{"start":{"line":319,"column":15},"end":{"line":361,"column":2}}},"fnMap":{"0":{"name":"(anonymous_0)","decl":{"start":{"line":13,"column":26},"end":{"line":13,"column":27}},"loc":{"start":{"line":13,"column":46},"end":{"line":317,"column":1}},"line":13},"1":{"name":"(anonymous_1)","decl":{"start":{"line":42,"column":23},"end":{"line":42,"column":24}},"loc":{"start":{"line":42,"column":29},"end":{"line":108,"column":3}},"line":42},"2":{"name":"(anonymous_2)","decl":{"start":{"line":111,"column":23},"end":{"line":111,"column":24}},"loc":{"start":{"line":111,"column":34},"end":{"line":180,"column":3}},"line":111},"3":{"name":"(anonymous_3)","decl":{"start":{"line":151,"column":14},"end":{"line":151,"column":15}},"loc":{"start":{"line":151,"column":18},"end":{"line":157,"column":9}},"line":151},"4":{"name":"(anonymous_4)","decl":{"start":{"line":158,"column":15},"end":{"line":158,"column":16}},"loc":{"start":{"line":158,"column":24},"end":{"line":162,"column":9}},"line":158},"5":{"name":"(anonymous_5)","decl":{"start":{"line":199,"column":35},"end":{"line":199,"column":36}},"loc":{"start":{"line":199,"column":41},"end":{"line":199,"column":54}},"line":199}},"branchMap":{"0":{"loc":{"start":{"line":45,"column":4},"end":{"line":54,"column":5}},"type":"if","locations":[{"start":{"line":45,"column":4},"end":{"line":54,"column":5}},{"start":{"line":48,"column":11},"end":{"line":54,"column":5}}],"line":45},"1":{"loc":{"start":{"line":48,"column":11},"end":{"line":54,"column":5}},"type":"if","locations":[{"start":{"line":48,"column":11},"end":{"line":54,"column":5}},{"start":{"line":51,"column":11},"end":{"line":54,"column":5}}],"line":48},"2":{"loc":{"start":{"line":51,"column":11},"end":{"line":54,"column":5}},"type":"if","locations":[{"start":{"line":51,"column":11},"end":{"line":54,"column":5}},{"start":{},"end":{}}],"line":51},"3":{"loc":{"start":{"line":56,"column":4},"end":{"line":58,"column":5}},"type":"if","locations":[{"start":{"line":56,"column":4},"end":{"line":58,"column":5}},{"start":{},"end":{}}],"line":56},"4":{"loc":{"start":{"line":60,"column":4},"end":{"line":62,"column":5}},"type":"if","locations":[{"start":{"line":60,"column":4},"end":{"line":62,"column":5}},{"start":{},"end":{}}],"line":60},"5":{"loc":{"start":{"line":64,"column":4},"end":{"line":66,"column":5}},"type":"if","locations":[{"start":{"line":64,"column":4},"end":{"line":66,"column":5}},{"start":{},"end":{}}],"line":64},"6":{"loc":{"start":{"line":68,"column":5},"end":{"line":70,"column":5}},"type":"if","locations":[{"start":{"line":68,"column":5},"end":{"line":70,"column":5}},{"start":{},"end":{}}],"line":68},"7":{"loc":{"start":{"line":72,"column":4},"end":{"line":74,"column":5}},"type":"if","locations":[{"start":{"line":72,"column":4},"end":{"line":74,"column":5}},{"start":{},"end":{}}],"line":72},"8":{"loc":{"start":{"line":76,"column":4},"end":{"line":78,"column":5}},"type":"if","locations":[{"start":{"line":76,"column":4},"end":{"line":78,"column":5}},{"start":{},"end":{}}],"line":76},"9":{"loc":{"start":{"line":80,"column":5},"end":{"line":82,"column":5}},"type":"if","locations":[{"start":{"line":80,"column":5},"end":{"line":82,"column":5}},{"start":{},"end":{}}],"line":80},"10":{"loc":{"start":{"line":84,"column":4},"end":{"line":86,"column":5}},"type":"if","locations":[{"start":{"line":84,"column":4},"end":{"line":86,"column":5}},{"start":{},"end":{}}],"line":84},"11":{"loc":{"start":{"line":88,"column":4},"end":{"line":90,"column":5}},"type":"if","locations":[{"start":{"line":88,"column":4},"end":{"line":90,"column":5}},{"start":{},"end":{}}],"line":88},"12":{"loc":{"start":{"line":93,"column":4},"end":{"line":95,"column":5}},"type":"if","locations":[{"start":{"line":93,"column":4},"end":{"line":95,"column":5}},{"start":{},"end":{}}],"line":93},"13":{"loc":{"start":{"line":93,"column":8},"end":{"line":93,"column":57}},"type":"binary-expr","locations":[{"start":{"line":93,"column":8},"end":{"line":93,"column":31}},{"start":{"line":93,"column":35},"end":{"line":93,"column":57}}],"line":93},"14":{"loc":{"start":{"line":97,"column":4},"end":{"line":99,"column":5}},"type":"if","locations":[{"start":{"line":97,"column":4},"end":{"line":99,"column":5}},{"start":{},"end":{}}],"line":97},"15":{"loc":{"start":{"line":101,"column":4},"end":{"line":103,"column":5}},"type":"if","locations":[{"start":{"line":101,"column":4},"end":{"line":103,"column":5}},{"start":{},"end":{}}],"line":101},"16":{"loc":{"start":{"line":113,"column":4},"end":{"line":115,"column":5}},"type":"if","locations":[{"start":{"line":113,"column":4},"end":{"line":115,"column":5}},{"start":{},"end":{}}],"line":113},"17":{"loc":{"start":{"line":136,"column":4},"end":{"line":174,"column":5}},"type":"if","locations":[{"start":{"line":136,"column":4},"end":{"line":174,"column":5}},{"start":{"line":145,"column":9},"end":{"line":174,"column":5}}],"line":136},"18":{"loc":{"start":{"line":136,"column":7},"end":{"line":136,"column":69}},"type":"binary-expr","locations":[{"start":{"line":136,"column":7},"end":{"line":136,"column":19}},{"start":{"line":136,"column":23},"end":{"line":136,"column":69}}],"line":136},"19":{"loc":{"start":{"line":182,"column":2},"end":{"line":193,"column":5}},"type":"if","locations":[{"start":{"line":182,"column":2},"end":{"line":193,"column":5}},{"start":{},"end":{}}],"line":182},"20":{"loc":{"start":{"line":206,"column":30},"end":{"line":206,"column":71}},"type":"binary-expr","locations":[{"start":{"line":206,"column":30},"end":{"line":206,"column":45}},{"start":{"line":206,"column":49},"end":{"line":206,"column":71}}],"line":206},"21":{"loc":{"start":{"line":211,"column":7},"end":{"line":211,"column":81}},"type":"binary-expr","locations":[{"start":{"line":211,"column":7},"end":{"line":211,"column":22}},{"start":{"line":211,"column":26},"end":{"line":211,"column":81}}],"line":211},"22":{"loc":{"start":{"line":214,"column":30},"end":{"line":214,"column":68}},"type":"binary-expr","locations":[{"start":{"line":214,"column":30},"end":{"line":214,"column":42}},{"start":{"line":214,"column":46},"end":{"line":214,"column":68}}],"line":214},"23":{"loc":{"start":{"line":219,"column":7},"end":{"line":219,"column":75}},"type":"binary-expr","locations":[{"start":{"line":219,"column":7},"end":{"line":219,"column":19}},{"start":{"line":219,"column":23},"end":{"line":219,"column":75}}],"line":219},"24":{"loc":{"start":{"line":222,"column":30},"end":{"line":222,"column":70}},"type":"binary-expr","locations":[{"start":{"line":222,"column":30},"end":{"line":222,"column":44}},{"start":{"line":222,"column":48},"end":{"line":222,"column":70}}],"line":222},"25":{"loc":{"start":{"line":227,"column":7},"end":{"line":227,"column":79}},"type":"binary-expr","locations":[{"start":{"line":227,"column":7},"end":{"line":227,"column":21}},{"start":{"line":227,"column":25},"end":{"line":227,"column":79}}],"line":227},"26":{"loc":{"start":{"line":230,"column":30},"end":{"line":230,"column":66}},"type":"binary-expr","locations":[{"start":{"line":230,"column":30},"end":{"line":230,"column":40}},{"start":{"line":230,"column":44},"end":{"line":230,"column":66}}],"line":230},"27":{"loc":{"start":{"line":235,"column":7},"end":{"line":235,"column":71}},"type":"binary-expr","locations":[{"start":{"line":235,"column":7},"end":{"line":235,"column":17}},{"start":{"line":235,"column":21},"end":{"line":235,"column":71}}],"line":235},"28":{"loc":{"start":{"line":238,"column":30},"end":{"line":238,"column":69}},"type":"binary-expr","locations":[{"start":{"line":238,"column":30},"end":{"line":238,"column":43}},{"start":{"line":238,"column":47},"end":{"line":238,"column":69}}],"line":238},"29":{"loc":{"start":{"line":243,"column":7},"end":{"line":243,"column":77}},"type":"binary-expr","locations":[{"start":{"line":243,"column":7},"end":{"line":243,"column":20}},{"start":{"line":243,"column":24},"end":{"line":243,"column":77}}],"line":243},"30":{"loc":{"start":{"line":246,"column":30},"end":{"line":246,"column":70}},"type":"binary-expr","locations":[{"start":{"line":246,"column":30},"end":{"line":246,"column":44}},{"start":{"line":246,"column":48},"end":{"line":246,"column":70}}],"line":246},"31":{"loc":{"start":{"line":251,"column":7},"end":{"line":251,"column":79}},"type":"binary-expr","locations":[{"start":{"line":251,"column":7},"end":{"line":251,"column":21}},{"start":{"line":251,"column":25},"end":{"line":251,"column":79}}],"line":251},"32":{"loc":{"start":{"line":254,"column":30},"end":{"line":254,"column":68}},"type":"binary-expr","locations":[{"start":{"line":254,"column":30},"end":{"line":254,"column":42}},{"start":{"line":254,"column":46},"end":{"line":254,"column":68}}],"line":254},"33":{"loc":{"start":{"line":259,"column":7},"end":{"line":259,"column":75}},"type":"binary-expr","locations":[{"start":{"line":259,"column":7},"end":{"line":259,"column":19}},{"start":{"line":259,"column":23},"end":{"line":259,"column":75}}],"line":259},"34":{"loc":{"start":{"line":262,"column":30},"end":{"line":262,"column":67}},"type":"binary-expr","locations":[{"start":{"line":262,"column":30},"end":{"line":262,"column":41}},{"start":{"line":262,"column":45},"end":{"line":262,"column":67}}],"line":262},"35":{"loc":{"start":{"line":267,"column":7},"end":{"line":267,"column":73}},"type":"binary-expr","locations":[{"start":{"line":267,"column":7},"end":{"line":267,"column":18}},{"start":{"line":267,"column":22},"end":{"line":267,"column":73}}],"line":267},"36":{"loc":{"start":{"line":270,"column":30},"end":{"line":270,"column":71}},"type":"binary-expr","locations":[{"start":{"line":270,"column":30},"end":{"line":270,"column":45}},{"start":{"line":270,"column":49},"end":{"line":270,"column":71}}],"line":270},"37":{"loc":{"start":{"line":275,"column":7},"end":{"line":275,"column":81}},"type":"binary-expr","locations":[{"start":{"line":275,"column":7},"end":{"line":275,"column":22}},{"start":{"line":275,"column":26},"end":{"line":275,"column":81}}],"line":275},"38":{"loc":{"start":{"line":280,"column":30},"end":{"line":280,"column":76}},"type":"binary-expr","locations":[{"start":{"line":280,"column":30},"end":{"line":280,"column":50}},{"start":{"line":280,"column":54},"end":{"line":280,"column":76}}],"line":280},"39":{"loc":{"start":{"line":285,"column":7},"end":
[...]
":{"line":25,"column":12},"end":{"line":25,"column":13}},"loc":{"start":{"line":25,"column":18},"end":{"line":27,"column":3}},"line":25},"2":{"name":"(anonymous_2)","decl":{"start":{"line":49,"column":23},"end":{"line":49,"column":24}},"loc":{"start":{"line":49,"column":33},"end":{"line":55,"column":3}},"line":49},"3":{"name":"(anonymous_3)","decl":{"start":{"line":51,"column":34},"end":{"line":51,"column":35}},"loc":{"start":{"line":52,"column":6},"end":{"line":52,"column":63}},"line":52},"4":{"name":"(anonymous_4)","decl":{"start":{"line":57,"column":25},"end":{"line":57,"column":26}},"loc":{"start":{"line":57,"column":34},"end":{"line":66,"column":3}},"line":57},"5":{"name":"(anonymous_5)","decl":{"start":{"line":68,"column":25},"end":{"line":68,"column":26}},"loc":{"start":{"line":69,"column":4},"end":{"line":78,"column":23}},"line":69},"6":{"name":"(anonymous_6)","decl":{"start":{"line":69,"column":55},"end":{"line":69,"column":56}},"loc":{"start":{"line":69,"column":59},"end":{"line":71,"column":5}},"line":69},"7":{"name":"(anonymous_7)","decl":{"start":{"line":81,"column":21},"end":{"line":81,"column":22}},"loc":{"start":{"line":82,"column":4},"end":{"line":96,"column":11}},"line":82},"8":{"name":"(anonymous_8)","decl":{"start":{"line":120,"column":24},"end":{"line":120,"column":25}},"loc":{"start":{"line":120,"column":34},"end":{"line":120,"column":41}},"line":120}},"branchMap":{"0":{"loc":{"start":{"line":58,"column":4},"end":{"line":64,"column":5}},"type":"if","locations":[{"start":{"line":58,"column":4},"end":{"line":64,"column":5}},{"start":{"line":62,"column":9},"end":{"line":64,"column":5}}],"line":58},"1":{"loc":{"start":{"line":99,"column":2},"end":{"line":110,"column":5}},"type":"if","locations":[{"start":{"line":99,"column":2},"end":{"line":110,"column":5}},{"start":{},"end":{}}],"line":99},"2":{"loc":{"start":{"line":112,"column":2},"end":{"line":130,"column":3}},"type":"if","locations":[{"start":{"line":112,"column":2},"end":{"line":130,"column":3}},{"start":{},"end":{}}],"line":112},"3":{"loc":{"start":{"line":112,"column":5},"end":{"line":112,"column":38}},"type":"binary-expr","locations":[{"start":{"line":112,"column":5},"end":{"line":112,"column":13}},{"start":{"line":112,"column":17},"end":{"line":112,"column":38}}],"line":112},"4":{"loc":{"start":{"line":132,"column":2},"end":{"line":149,"column":3}},"type":"if","locations":[{"start":{"line":132,"column":2},"end":{"line":149,"column":3}},{"start":{},"end":{}}],"line":132},"5":{"loc":{"start":{"line":132,"column":5},"end":{"line":132,"column":37}},"type":"binary-expr","locations":[{"start":{"line":132,"column":5},"end":{"line":132,"column":13}},{"start":{"line":132,"column":17},"end":{"line":132,"column":37}}],"line":132}},"s":{"0":0,"1":0,"2":0,"3":0,"4":0,"5":0,"6":0,"7":0,"8":0,"9":0,"10":0,"11":0,"12":0,"13":0,"14":0,"15":0,"16":0,"17":0,"18":0,"19":0,"20":0,"21":0,"22":0,"23":0,"24":0,"25":0,"26":0,"27":0,"28":0,"29":0,"30":0,"31":0,"32":0},"f":{"0":0,"1":0,"2":0,"3":0,"4":0,"5":0,"6":0,"7":0,"8":0},"b":{"0":[0,0],"1":[0,0],"2":[0,0],"3":[0,0],"4":[0,0],"5":[0,0]}}
,"C:\\Users\\donal\\Documents\\Projects\\smart-health-react-native\\app\\presentation\\ui\\pages\\(tabs)\\profile.jsx": {"path":"C:\\Users\\donal\\Documents\\Projects\\smart-health-react-native\\app\\presentation\\ui\\pages\\(tabs)\\profile.jsx","statementMap":{"0":{"start":{"line":9,"column":33},"end":{"line":9,"column":51}},"1":{"start":{"line":12,"column":2},"end":{"line":18,"column":4}},"2":{"start":{"line":21,"column":15},"end":{"line":28,"column":2}}},"fnMap":{"0":{"name":"ProfileScreen","decl":{"start":{"line":7,"column":24},"end":{"line":7,"column":37}},"loc":{"start":{"line":7,"column":40},"end":{"line":19,"column":1}},"line":7}},"branchMap":{},"s":{"0":0,"1":0,"2":0},"f":{"0":0},"b":{}}
,"C:\\Users\\donal\\Documents\\Projects\\smart-health-react-native\\app\\presentation\\ui\\pages\\(tabs)\\settings.jsx": {"path":"C:\\Users\\donal\\Documents\\Projects\\smart-health-react-native\\app\\presentation\\ui\\pages\\(tabs)\\settings.jsx","statementMap":{"0":{"start":{"line":10,"column":23},"end":{"line":29,"column":3}},"1":{"start":{"line":11,"column":4},"end":{"line":28,"column":6}},"2":{"start":{"line":24,"column":12},"end":{"line":24,"column":43}},"3":{"start":{"line":31,"column":2},"end":{"line":50,"column":4}},"4":{"start":{"line":35,"column":69},"end":{"line":35,"column":100}},"5":{"start":{"line":53,"column":15},"end":{"line":90,"column":2}}},"fnMap":{"0":{"name":"SettingsScreen","decl":{"start":{"line":8,"column":24},"end":{"line":8,"column":38}},"loc":{"start":{"line":8,"column":55},"end":{"line":51,"column":1}},"line":8},"1":{"name":"(anonymous_1)","decl":{"start":{"line":10,"column":23},"end":{"line":10,"column":24}},"loc":{"start":{"line":10,"column":29},"end":{"line":29,"column":3}},"line":10},"2":{"name":"(anonymous_2)","decl":{"start":{"line":22,"column":19},"end":{"line":22,"column":20}},"loc":{"start":{"line":22,"column":25},"end":{"line":25,"column":11}},"line":22},"3":{"name":"(anonymous_3)","decl":{"start":{"line":35,"column":63},"end":{"line":35,"column":64}},"loc":{"start":{"line":35,"column":67},"end":{"line":35,"column":101}},"line":35}},"branchMap":{},"s":{"0":0,"1":0,"2":0,"3":0,"4":0,"5":0},"f":{"0":0,"1":0,"2":0,"3":0},"b":{}}
,"C:\\Users\\donal\\Documents\\Projects\\smart-health-react-native\\app\\presentation\\utils\\util.jsx": {"path":"C:\\Users\\donal\\Documents\\Projects\\smart-health-react-native\\app\\presentation\\utils\\util.jsx","statementMap":{},"fnMap":{},"branchMap":{},"s":{},"f":{},"b":{}}
,"C:\\Users\\donal\\Documents\\Projects\\smart-health-react-native\\app\\presentation\\utils\\constants\\routes.jsx": {"path":"C:\\Users\\donal\\Documents\\Projects\\smart-health-react-native\\app\\presentation\\utils\\constants\\routes.jsx","statementMap":{"0":{"start":{"line":1,"column":23},"end":{"line":1,"column":61}},"1":{"start":{"line":2,"column":20},"end":{"line":2,"column":51}},"2":{"start":{"line":3,"column":24},"end":{"line":3,"column":68}},"3":{"start":{"line":4,"column":30},"end":{"line":4,"column":74}},"4":{"start":{"line":5,"column":30},"end":{"line":5,"column":85}},"5":{"start":{"line":6,"column":28},"end":{"line":6,"column":88}},"6":{"start":{"line":7,"column":27},"end":{"line":7,"column":85}},"7":{"start":{"line":8,"column":28},"end":{"line":8,"column":77}},"8":{"start":{"line":9,"column":37},"end":{"line":9,"column":92}},"9":{"start":{"line":10,"column":45},"end":{"line":10,"column":98}},"10":{"start":{"line":11,"column":31},"end":{"line":11,"column":83}},"11":{"start":{"line":12,"column":28},"end":{"line":12,"column":77}},"12":{"start":{"line":13,"column":22},"end":{"line":13,"column":66}},"13":{"start":{"line":14,"column":25},"end":{"line":14,"column":72}},"14":{"start":{"line":15,"column":23},"end":{"line":15,"column":75}},"15":{"start":{"line":16,"column":21},"end":{"line":16,"column":64}},"16":{"start":{"line":17,"column":27},"end":{"line":17,"column":74}}},"fnMap":{},"branchMap":{},"s":{"0":0,"1":0,"2":0,"3":0,"4":0,"5":0,"6":0,"7":0,"8":0,"9":0,"10":0,"11":0,"12":0,"13":0,"14":0,"15":0,"16":0},"f":{},"b":{}}
,"C:\\Users\\donal\\Documents\\Projects\\smart-health-react-native\\app\\presentation\\utils\\functions\\functions.jsx": {"path":"C:\\Users\\donal\\Documents\\Projects\\smart-health-react-native\\app\\presentation\\utils\\functions\\functions.jsx","statementMap":{"0":{"start":{"line":1,"column":26},"end":{"line":16,"column":1}},"1":{"start":{"line":2,"column":4},"end":{"line":4,"column":5}},"2":{"start":{"line":3,"column":8},"end":{"line":3,"column":21}},"3":{"start":{"line":6,"column":4},"end":{"line":8,"column":5}},"4":{"start":{"line":7,"column":8},"end":{"line":7,"column":22}},"5":{"start":{"line":10,"column":4},"end":{"line":12,"column":5}},"6":{"start":{"line":11,"column":8},"end":{"line":11,"column":22}},"7":{"start":{"line":14,"column":4},"end":{"line":14,"column":17}},"8":{"start":{"line":18,"column":26},"end":{"line":22,"column":1}},"9":{"start":{"line":19,"column":12},"end":{"line":19,"column":28}},"10":{"start":{"line":20,"column":4},"end":{"line":20,"column":27}},"11":{"start":{"line":24,"column":28},"end":{"line":36,"column":1}},"12":{"start":{"line":26,"column":4},"end":{"line":32,"column":5}},"13":{"start":{"line":26,"column":17},"end":{"line":26,"column":18}},"14":{"start":{"line":28,"column":6},"end":{"line":31,"column":7}},"15":{"start":{"line":30,"column":8},"end":{"line":30,"column":20}},"16":{"start":{"line":35,"column":4},"end":{"line":35,"column":17}},"17":{"start":{"line":38,"column":30},"end":{"line":51,"column":1}},"18":{"start":{"line":41,"column":4},"end":{"line":47,"column":5}},"19":{"start":{"line":41,"column":17},"end":{"line":41,"column":18}},"20":{"start":{"line":43,"column":6},"end":{"line":46,"column":7}},"21":{"start":{"line":45,"column":8},"end":{"line":45,"column":23}},"22":{"start":{"line":50,"column":4},"end":{"line":50,"column":15}},"23":{"start":{"line":53,"column":33},"end":{"line":66,"column":1}},"24":{"start":{"line":56,"column":2},"end":{"line":62,"column":3}},"25":{"start":{"line":56,"column":15},"end":{"line":56,"column":16}},"26":{"start":{"line":58,"column":4},"end":{"line":61,"column":5}},"27":{"start":{"line":60,"column":6},"end":{"line":60,"column":21}},"28":{"start":{"line":65,"column":2},"end":{"line":65,"column":13}},"29":{"start":{"line":68,"column":29},"end":{"line":74,"column":1}},"30":{"start":{"line":69,"column":2},"end":{"line":71,"column":3}},"31":{"start":{"line":70,"column":4},"end":{"line":70,"column":36}},"32":{"start":{"line":72,"column":2},"end":{"line":72,"column":34}},"33":{"start":{"line":76,"column":28},"end":{"line":92,"column":1}},"34":{"start":{"line":78,"column":25},"end":{"line":78,"column":27}},"35":{"start":{"line":81,"column":2},"end":{"line":83,"column":3}},"36":{"start":{"line":82,"column":4},"end":{"line":82,"column":46}},"37":{"start":{"line":86,"column":2},"end":{"line":88,"column":3}},"38":{"start":{"line":87,"column":4},"end":{"line":87,"column":46}},"39":{"start":{"line":91,"column":2},"end":{"line":91,"column":24}},"40":{"start":{"line":94,"column":33},"end":{"line":101,"column":1}},"41":{"start":{"line":95,"column":16},"end":{"line":95,"column":32}},"42":{"start":{"line":96,"column":2},"end":{"line":100,"column":3}},"43":{"start":{"line":97,"column":4},"end":{"line":97,"column":35}},"44":{"start":{"line":99,"column":4},"end":{"line":99,"column":15}}},"fnMap":{"0":{"name":"(anonymous_0)","decl":{"start":{"line":1,"column":26},"end":{"line":1,"column":27}},"loc":{"start":{"line":1,"column":38},"end":{"line":16,"column":1}},"line":1},"1":{"name":"(anonymous_1)","decl":{"start":{"line":18,"column":26},"end":{"line":18,"column":27}},"loc":{"start":{"line":18,"column":36},"end":{"line":22,"column":1}},"line":18},"2":{"name":"(anonymous_2)","decl":{"start":{"line":24,"column":28},"end":{"line":24,"column":29}},"loc":{"start":{"line":24,"column":42},"end":{"line":36,"column":1}},"line":24},"3":{"name":"(anonymous_3)","decl":{"start":{"line":38,"column":30},"end":{"line":38,"column":31}},"loc":{"start":{"line":38,"column":44},"end":{"line":51,"column":1}},"line":38},"4":{"name":"(anonymous_4)","decl":{"start":{"line":53,"column":33},"end":{"line":53,"column":34}},"loc":{"start":{"line":53,"column":47},"end":{"line":66,"column":1}},"line":53},"5":{"name":"(anonymous_5)","decl":{"start":{"line":68,"column":29},"end":{"line":68,"column":30}},"loc":{"start":{"line":68,"column":39},"end":{"line":74,"column":1}},"line":68},"6":{"name":"(anonymous_6)","decl":{"start":{"line":76,"column":28},"end":{"line":76,"column":29}},"loc":{"start":{"line":76,"column":43},"end":{"line":92,"column":1}},"line":76},"7":{"name":"(anonymous_7)","decl":{"start":{"line":94,"column":33},"end":{"line":94,"column":34}},"loc":{"start":{"line":94,"column":41},"end":{"line":101,"column":1}},"line":94}},"branchMap":{"0":{"loc":{"start":{"line":2,"column":4},"end":{"line":4,"column":5}},"type":"if","locations":[{"start":{"line":2,"column":4},"end":{"line":4,"column":5}},{"start":{},"end":{}}],"line":2},"1":{"loc":{"start":{"line":6,"column":4},"end":{"line":8,"column":5}},"type":"if","locations":[{"start":{"line":6,"column":4},"end":{"line":8,"column":5}},{"start":{},"end":{}}],"line":6},"2":{"loc":{"start":{"line":10,"column":4},"end":{"line":12,"column":5}},"type":"if","locations":[{"start":{"line":10,"column":4},"end":{"line":12,"column":5}},{"start":{},"end":{}}],"line":10},"3":{"loc":{"start":{"line":28,"column":6},"end":{"line":31,"column":7}},"type":"if","locations":[{"start":{"line":28,"column":6},"end":{"line":31,"column":7}},{"start":{},"end":{}}],"line":28},"4":{"loc":{"start":{"line":43,"column":6},"end":{"line":46,"column":7}},"type":"if","locations":[{"start":{"line":43,"column":6},"end":{"line":46,"column":7}},{"start":{},"end":{}}],"line":43},"5":{"loc":{"start":{"line":58,"column":4},"end":{"line":61,"column":5}},"type":"if","locations":[{"start":{"line":58,"column":4},"end":{"line":61,"column":5}},{"start":{},"end":{}}],"line":58},"6":{"loc":{"start":{"line":69,"column":2},"end":{"line":71,"column":3}},"type":"if","locations":[{"start":{"line":69,"column":2},"end":{"line":71,"column":3}},{"start":{},"end":{}}],"line":69},"7":{"loc":{"start":{"line":96,"column":2},"end":{"line":100,"column":3}},"type":"if","locations":[{"start":{"line":96,"column":2},"end":{"line":100,"column":3}},{"start":{"line":98,"column":9},"end":{"line":100,"column":3}}],"line":96}},"s":{"0":0,"1":0,"2":0,"3":0,"4":0,"5":0,"6":0,"7":0,"8":0,"9":0,"10":0,"11":0,"12":0,"13":0,"14":0,"15":0,"16":0,"17":0,"18":0,"19":0,"20":0,"21":0,"22":0,"23":0,"24":0,"25":0,"26":0,"27":0,"28":0,"29":0,"30":0,"31":0,"32":0,"33":0,"34":0,"35":0,"36":0,"37":0,"38":0,"39":0,"40":0,"41":0,"42":0,"43":0,"44":0},"f":{"0":0,"1":0,"2":0,"3":0,"4":0,"5":0,"6":0,"7":0},"b":{"0":[0,0],"1":[0,0],"2":[0,0],"3":[0,0],"4":[0,0],"5":[0,0],"6":[0,0],"7":[0,0]}}
,"C:\\Users\\donal\\Documents\\Projects\\smart-health-react-native\\assets\\asset.jsx": {"path":"C:\\Users\\donal\\Documents\\Projects\\smart-health-react-native\\assets\\asset.jsx","statementMap":{"0":{"start":{"line":4,"column":14},"end":{"line":10,"column":1}},"1":{"start":{"line":5,"column":2},"end":{"line":9,"column":3}}},"fnMap":{"0":{"name":"(anonymous_0)","decl":{"start":{"line":4,"column":14},"end":{"line":4,"column":15}},"loc":{"start":{"line":4,"column":20},"end":{"line":10,"column":1}},"line":4}},"branchMap":{},"s":{"0":0,"1":0},"f":{"0":0},"b":{}}
,"C:\\Users\\donal\\Documents\\Projects\\smart-health-react-native\\context\\GlobalProvider.jsx": {"path":"C:\\Users\\donal\\Documents\\Projects\\smart-health-react-native\\context\\GlobalProvider.jsx","statementMap":{"0":{"start":{"line":7,"column":22},"end":{"line":7,"column":37}},"1":{"start":{"line":9,"column":31},"end":{"line":9,"column":61}},"2":{"start":{"line":9,"column":36},"end":{"line":9,"column":61}},"3":{"start":{"line":11,"column":22},"end":{"line":96,"column":1}},"4":{"start":{"line":14,"column":42},"end":{"line":14,"column":56}},"5":{"start":{"line":15,"column":26},"end":{"line":15,"column":40}},"6":{"start":{"line":16,"column":42},"end":{"line":16,"column":56}},"7":{"start":{"line":17,"column":34},"end":{"line":17,"column":46}},"8":{"start":{"line":18,"column":34},"end":{"line":18,"column":48}},"9":{"start":{"line":19,"column":48},"end":{"line":19,"column":60}},"10":{"start":{"line":20,"column":16},"end":{"line":20,"column":27}},"11":{"start":{"line":25,"column":29},"end":{"line":30,"column":3}},"12":{"start":{"line":26,"column":4},"end":{"line":26,"column":49}},"13":{"start":{"line":28,"column":4},"end":{"line":28,"column":18}},"14":{"start":{"line":29,"column":4},"end":{"line":29,"column":45}},"15":{"start":{"line":29,"column":22},"end":{"line":29,"column":45}},"16":{"start":{"line":32,"column":2},"end":{"line":37,"column":9}},"17":{"start":{"line":33,"column":23},"end":{"line":33,"column":82}},"18":{"start":{"line":34,"column":4},"end":{"line":34,"column":47}},"19":{"start":{"line":35,"column":4},"end":{"line":35,"column":22}},"20":{"start":{"line":39,"column":2},"end":{"line":75,"column":26}},"21":{"start":{"line":40,"column":4},"end":{"line":40,"column":28}},"22":{"start":{"line":40,"column":21},"end":{"line":40,"column":28}},"23":{"start":{"line":44,"column":4},"end":{"line":72,"column":5}},"24":{"start":{"line":46,"column":6},"end":{"line":67,"column":7}},"25":{"start":{"line":47,"column":8},"end":{"line":63,"column":10}},"26":{"start":{"line":49,"column":12},"end":{"line":54,"column":13}},"27":{"start":{"line":50,"column":16},"end":{"line":50,"column":32}},"28":{"start":{"line":53,"column":16},"end":{"line":53,"column":33}},"29":{"start":{"line":59,"column":12},"end":{"line":59,"column":79}},"30":{"start":{"line":62,"column":12},"end":{"line":62,"column":59}},"31":{"start":{"line":66,"column":8},"end":{"line":66,"column":73}},"32":{"start":{"line":70,"column":6},"end":{"line":70,"column":53}},"33":{"start":{"line":71,"column":6},"end":{"line":71,"column":50}},"34":{"start":{"line":77,"column":4},"end":{"line":95,"column":5}}},"fnMap":{"0":{"name":"(anonymous_0)","decl":{"start":{"line":9,"column":31},"end":{"line":9,"column":32}},"loc":{"start":{"line":9,"column":36},"end":{"line":9,"column":61}},"line":9},"1":{"name":"(anonymous_1)","decl":{"start":{"line":11,"column":22},"end":{"line":11,"column":23}},"loc":{"start":{"line":11,"column":36},"end":{"line":96,"column":1}},"line":11},"2":{"name":"(anonymous_2)","decl":{"start":{"line":25,"column":29},"end":{"line":25,"column":30}},"loc":{"start":{"line":25,"column":39},"end":{"line":30,"column":3}},"line":25},"3":{"name":"(anonymous_3)","decl":{"start":{"line":32,"column":12},"end":{"line":32,"column":13}},"loc":{"start":{"line":32,"column":18},"end":{"line":37,"column":3}},"line":32},"4":{"name":"(anonymous_4)","decl":{"start":{"line":39,"column":12},"end":{"line":39,"column":13}},"loc":{"start":{"line":39,"column":18},"end":{"line":75,"column":3}},"line":39},"5":{"name":"(anonymous_5)","decl":{"start":{"line":48,"column":14},"end":{"line":48,"column":15}},"loc":{"start":{"line":48,"column":21},"end":{"line":56,"column":9}},"line":48},"6":{"name":"(anonymous_6)","decl":{"start":{"line":58,"column":15},"end":{"line":58,"column":16}},"loc":{"start":{"line":58,"column":24},"end":{"line":60,"column":9}},"line":58},"7":{"name":"(anonymous_7)","decl":{"start":{"line":61,"column":17},"end":{"line":61,"column":18}},"loc":{"start":{"line":61,"column":21},"end":{"line":63,"column":9}},"line":61}},"branchMap":{"0":{"loc":{"start":{"line":29,"column":4},"end":{"line":29,"column":45}},"type":"if","locations":[{"start":{"line":29,"column":4},"end":{"line":29,"column":45}},{"start":{},"end":{}}],"line":29},"1":{"loc":{"start":{"line":40,"column":4},"end":{"line":40,"column":28}},"type":"if","locations":[{"start":{"line":40,"column":4},"end":{"line":40,"column":28}},{"start":{},"end":{}}],"line":40},"2":{"loc":{"start":{"line":44,"column":4},"end":{"line":72,"column":5}},"type":"if","locations":[{"start":{"line":44,"column":4},"end":{"line":72,"column":5}},{"start":{"line":69,"column":9},"end":{"line":72,"column":5}}],"line":44},"3":{"loc":{"start":{"line":46,"column":6},"end":{"line":67,"column":7}},"type":"if","locations":[{"start":{"line":46,"column":6},"end":{"line":67,"column":7}},{"start":{"line":65,"column":11},"end":{"line":67,"column":7}}],"line":46},"4":{"loc":{"start":{"line":49,"column":12},"end":{"line":54,"column":13}},"type":"if","locations":[{"start":{"line":49,"column":12},"end":{"line":54,"column":13}},{"start":{"line":52,"column":17},"end":{"line":54,"column":13}}],"line":49}},"s":{"0":0,"1":0,"2":0,"3":0,"4":0,"5":0,"6":0,"7":0,"8":0,"9":0,"10":0,"11":0,"12":0,"13":0,"14":0,"15":0,"16":0,"17":0,"18":0,"19":0,"20":0,"21":0,"22":0,"23":0,"24":0,"25":0,"26":0,"27":0,"28":0,"29":0,"30":0,"31":0,"32":0,"33":0,"34":0},"f":{"0":0,"1":0,"2":0,"3":0,"4":0,"5":0,"6":0,"7":0},"b":{"0":[0,0],"1":[0,0],"2":[0,0],"3":[0,0],"4":[0,0]}}
}
